[    0.000000] Linux version 4.15.0-166-generic (buildd@lgw01-amd64-012) (gcc version 7.5.0 (Ubuntu 7.5.0-3ubuntu1~18.04)) #174-Ubuntu SMP Wed Dec 8 19:07:44 UTC 2021 (Ubuntu 4.15.0-166.174-generic 4.15.18)
[    0.000000] Command line: BOOT_IMAGE=/boot/vmlinuz-4.15.0-166-generic root=LABEL=cloudimg-rootfs ro console=tty1 console=ttyS0
[    0.000000] KERNEL supported cpus:
[    0.000000]   Intel GenuineIntel
[    0.000000]   AMD AuthenticAMD
[    0.000000]   Centaur CentaurHauls
[    0.000000] x86/fpu: x87 FPU will use FXSAVE
[    0.000000] e820: BIOS-provided physical RAM map:
[    0.000000] BIOS-e820: [mem 0x0000000000000000-0x000000000009fbff] usable
[    0.000000] BIOS-e820: [mem 0x000000000009fc00-0x000000000009ffff] reserved
[    0.000000] BIOS-e820: [mem 0x00000000000f0000-0x00000000000fffff] reserved
[    0.000000] BIOS-e820: [mem 0x0000000000100000-0x000000003ffeffff] usable
[    0.000000] BIOS-e820: [mem 0x000000003fff0000-0x000000003fffffff] ACPI data
[    0.000000] BIOS-e820: [mem 0x00000000fec00000-0x00000000fec00fff] reserved
[    0.000000] BIOS-e820: [mem 0x00000000fee00000-0x00000000fee00fff] reserved
[    0.000000] BIOS-e820: [mem 0x00000000fffc0000-0x00000000ffffffff] reserved
[    0.000000] NX (Execute Disable) protection: active
[    0.000000] SMBIOS 2.5 present.
[    0.000000] DMI: innotek GmbH VirtualBox/VirtualBox, BIOS VirtualBox 12/01/2006
[    0.000000] Hypervisor detected: KVM
[    0.000000] e820: last_pfn = 0x3fff0 max_arch_pfn = 0x400000000
[    0.000000] MTRR: Disabled
[    0.000000] x86/PAT: MTRRs disabled, skipping PAT initialization too.
[    0.000000] CPU MTRRs all blank - virtualized system.
[    0.000000] x86/PAT: Configuration [0-7]: WB  WT  UC- UC  WB  WT  UC- UC  
[    0.000000] found SMP MP-table at [mem 0x0009fff0-0x0009ffff]
[    0.000000] Scanning 1 areas for low memory corruption
[    0.000000] RAMDISK: [mem 0x359c7000-0x36cdafff]
[    0.000000] ACPI: Early table checksum verification disabled
[    0.000000] ACPI: RSDP 0x00000000000E0000 000024 (v02 VBOX  )
[    0.000000] ACPI: XSDT 0x000000003FFF0030 00003C (v01 VBOX   VBOXXSDT 00000001 ASL  00000061)
[    0.000000] ACPI: FACP 0x000000003FFF00F0 0000F4 (v04 VBOX   VBOXFACP 00000001 ASL  00000061)
[    0.000000] ACPI: DSDT 0x000000003FFF0470 002325 (v02 VBOX   VBOXBIOS 00000002 INTL 20100528)
[    0.000000] ACPI: FACS 0x000000003FFF0200 000040
[    0.000000] ACPI: FACS 0x000000003FFF0200 000040
[    0.000000] ACPI: APIC 0x000000003FFF0240 00005C (v02 VBOX   VBOXAPIC 00000001 ASL  00000061)
[    0.000000] ACPI: SSDT 0x000000003FFF02A0 0001CC (v01 VBOX   VBOXCPUT 00000002 INTL 20100528)
[    0.000000] ACPI: Reserving FACP table memory at [mem 0x3fff00f0-0x3fff01e3]
[    0.000000] ACPI: Reserving DSDT table memory at [mem 0x3fff0470-0x3fff2794]
[    0.000000] ACPI: Reserving FACS table memory at [mem 0x3fff0200-0x3fff023f]
[    0.000000] ACPI: Reserving FACS table memory at [mem 0x3fff0200-0x3fff023f]
[    0.000000] ACPI: Reserving APIC table memory at [mem 0x3fff0240-0x3fff029b]
[    0.000000] ACPI: Reserving SSDT table memory at [mem 0x3fff02a0-0x3fff046b]
[    0.000000] No NUMA configuration found
[    0.000000] Faking a node at [mem 0x0000000000000000-0x000000003ffeffff]
[    0.000000] NODE_DATA(0) allocated [mem 0x3ffc5000-0x3ffeffff]
[    0.000000] kvm-clock: cpu 0, msr 0:3ff44001, primary cpu clock
[    0.000000] kvm-clock: Using msrs 4b564d01 and 4b564d00
[    0.000000] kvm-clock: using sched offset of 4236267080 cycles
[    0.000000] clocksource: kvm-clock: mask: 0xffffffffffffffff max_cycles: 0x1cd42e4dffb, max_idle_ns: 881590591483 ns
[    0.000000] Zone ranges:
[    0.000000]   DMA      [mem 0x0000000000001000-0x0000000000ffffff]
[    0.000000]   DMA32    [mem 0x0000000001000000-0x000000003ffeffff]
[    0.000000]   Normal   empty
[    0.000000]   Device   empty
[    0.000000] Movable zone start for each node
[    0.000000] Early memory node ranges
[    0.000000]   node   0: [mem 0x0000000000001000-0x000000000009efff]
[    0.000000]   node   0: [mem 0x0000000000100000-0x000000003ffeffff]
[    0.000000] Reserved but unavailable: 104 pages
[    0.000000] Initmem setup node 0 [mem 0x0000000000001000-0x000000003ffeffff]
[    0.000000] ACPI: PM-Timer IO Port: 0x4008
[    0.000000] IOAPIC[0]: apic_id 2, version 32, address 0xfec00000, GSI 0-23
[    0.000000] ACPI: INT_SRC_OVR (bus 0 bus_irq 0 global_irq 2 dfl dfl)
[    0.000000] ACPI: INT_SRC_OVR (bus 0 bus_irq 9 global_irq 9 low level)
[    0.000000] Using ACPI (MADT) for SMP configuration information
[    0.000000] smpboot: Allowing 2 CPUs, 0 hotplug CPUs
[    0.000000] PM: Registered nosave memory: [mem 0x00000000-0x00000fff]
[    0.000000] PM: Registered nosave memory: [mem 0x0009f000-0x0009ffff]
[    0.000000] PM: Registered nosave memory: [mem 0x000a0000-0x000effff]
[    0.000000] PM: Registered nosave memory: [mem 0x000f0000-0x000fffff]
[    0.000000] e820: [mem 0x40000000-0xfebfffff] available for PCI devices
[    0.000000] Booting paravirtualized kernel on KVM
[    0.000000] clocksource: refined-jiffies: mask: 0xffffffff max_cycles: 0xffffffff, max_idle_ns: 7645519600211568 ns
[    0.000000] random: get_random_bytes called from start_kernel+0x99/0x500 with crng_init=0
[    0.000000] setup_percpu: NR_CPUS:8192 nr_cpumask_bits:2 nr_cpu_ids:2 nr_node_ids:1
[    0.000000] percpu: Embedded 45 pages/cpu s147456 r8192 d28672 u1048576
[    0.000000] PV qspinlock hash table entries: 256 (order: 0, 4096 bytes)
[    0.000000] Built 1 zonelists, mobility grouping on.  Total pages: 257913
[    0.000000] Policy zone: DMA32
[    0.000000] Kernel command line: BOOT_IMAGE=/boot/vmlinuz-4.15.0-166-generic root=LABEL=cloudimg-rootfs ro console=tty1 console=ttyS0
[    0.000000] Memory: 982700K/1048120K available (12300K kernel code, 2483K rwdata, 4320K rodata, 2448K init, 2724K bss, 65420K reserved, 0K cma-reserved)
[    0.000000] SLUB: HWalign=64, Order=0-3, MinObjects=0, CPUs=2, Nodes=1
[    0.000000] Kernel/User page tables isolation: enabled
[    0.000000] ftrace: allocating 39491 entries in 155 pages
[    0.004000] Hierarchical RCU implementation.
[    0.004000] 	RCU restricting CPUs from NR_CPUS=8192 to nr_cpu_ids=2.
[    0.004000] 	Tasks RCU enabled.
[    0.004000] RCU: Adjusting geometry for rcu_fanout_leaf=16, nr_cpu_ids=2
[    0.004000] NR_IRQS: 524544, nr_irqs: 440, preallocated irqs: 16
[    0.004000] Console: colour VGA+ 80x25
[    0.004000] console [tty1] enabled
[    0.004000] console [ttyS0] enabled
[    0.004000] ACPI: Core revision 20170831
[    0.004000] ACPI: 2 ACPI AML tables successfully acquired and loaded
[    0.004000] APIC: Switch to symmetric I/O mode setup
[    0.004000] ..TIMER: vector=0x30 apic1=0 pin1=2 apic2=-1 pin2=-1
[    0.004000] tsc: Detected 3198.146 MHz processor
[    0.004000] Calibrating delay loop (skipped) preset value.. 6396.29 BogoMIPS (lpj=12792584)
[    0.004000] pid_max: default: 32768 minimum: 301
[    0.004000] Security Framework initialized
[    0.004000] Yama: becoming mindful.
[    0.004000] AppArmor: AppArmor initialized
[    0.004000] Dentry cache hash table entries: 131072 (order: 8, 1048576 bytes)
[    0.004000] Inode-cache hash table entries: 65536 (order: 7, 524288 bytes)
[    0.004000] Mount-cache hash table entries: 2048 (order: 2, 16384 bytes)
[    0.004000] Mountpoint-cache hash table entries: 2048 (order: 2, 16384 bytes)
[    0.009160] Last level iTLB entries: 4KB 1024, 2MB 1024, 4MB 1024
[    0.012000] Last level dTLB entries: 4KB 1024, 2MB 1024, 4MB 1024, 1GB 4
[    0.012000] Spectre V1 : Mitigation: usercopy/swapgs barriers and __user pointer sanitization
[    0.012000] Spectre V2 : Mitigation: Full generic retpoline
[    0.012000] Spectre V2 : Spectre v2 / SpectreRSB mitigation: Filling RSB on context switch
[    0.012000] Speculative Store Bypass: Vulnerable
[    0.012000] MDS: Mitigation: Clear CPU buffers
[    0.012000] Freeing SMP alternatives memory: 36K
[    0.016000] APIC calibration not consistent with PM-Timer: 101ms instead of 100ms
[    0.016000] APIC delta adjusted to PM-Timer: 6323883 (6398455)
[    0.016000] smpboot: CPU0: Intel(R) Core(TM) i5-4570 CPU @ 3.20GHz (family: 0x6, model: 0x3c, stepping: 0x3)
[    0.016000] Performance Events: unsupported p6 CPU model 60 no PMU driver, software events only.
[    0.016000] Hierarchical SRCU implementation.
[    0.016000] NMI watchdog: Perf event create on CPU 0 failed with -2
[    0.016000] NMI watchdog: Perf NMI watchdog permanently disabled
[    0.016000] smp: Bringing up secondary CPUs ...
[    0.016000] x86: Booting SMP configuration:
[    0.016000] .... node  #0, CPUs:      #1
[    0.004000] kvm-clock: cpu 1, msr 0:3ff44041, secondary cpu clock
[    0.020000] TSC synchronization [CPU#0 -> CPU#1]:
[    0.020000] Measured 93697 cycles TSC warp between CPUs, turning off TSC clock.
[    0.020000] tsc: Marking TSC unstable due to check_tsc_sync_source failed
[    0.028213] smp: Brought up 1 node, 2 CPUs
[    0.032000] smpboot: Max logical packages: 1
[    0.032000] smpboot: Total of 2 processors activated (12792.58 BogoMIPS)
[    0.032009] devtmpfs: initialized
[    0.035764] x86/mm: Memory block size: 128MB
[    0.036000] evm: security.selinux
[    0.036000] evm: security.SMACK64
[    0.036000] evm: security.SMACK64EXEC
[    0.036000] evm: security.SMACK64TRANSMUTE
[    0.036000] evm: security.SMACK64MMAP
[    0.036000] evm: security.apparmor
[    0.036000] evm: security.ima
[    0.036000] evm: security.capability
[    0.036595] clocksource: jiffies: mask: 0xffffffff max_cycles: 0xffffffff, max_idle_ns: 7645041785100000 ns
[    0.040000] futex hash table entries: 512 (order: 3, 32768 bytes)
[    0.040000] pinctrl core: initialized pinctrl subsystem
[    0.040000] RTC time: 14:03:46, date: 03/25/22
[    0.040000] NET: Registered protocol family 16
[    0.040000] audit: initializing netlink subsys (disabled)
[    0.040000] audit: type=2000 audit(1648217031.638:1): state=initialized audit_enabled=0 res=1
[    0.052013] cpuidle: using governor ladder
[    0.056000] cpuidle: using governor menu
[    0.056000] ACPI: bus type PCI registered
[    0.056000] acpiphp: ACPI Hot Plug PCI Controller Driver version: 0.5
[    0.056000] PCI: Using configuration type 1 for base access
[    0.060464] HugeTLB registered 2.00 MiB page size, pre-allocated 0 pages
[    0.072301] ACPI: Added _OSI(Module Device)
[    0.076000] ACPI: Added _OSI(Processor Device)
[    0.076000] ACPI: Added _OSI(3.0 _SCP Extensions)
[    0.076000] ACPI: Added _OSI(Processor Aggregator Device)
[    0.076000] ACPI: Added _OSI(Linux-Dell-Video)
[    0.076000] ACPI: Added _OSI(Linux-Lenovo-NV-HDMI-Audio)
[    0.076000] ACPI: Added _OSI(Linux-HPI-Hybrid-Graphics)
[    0.076753] ACPI: Executed 1 blocks of module-level executable AML code
[    0.085813] ACPI: Interpreter enabled
[    0.088000] ACPI: (supports S0 S5)
[    0.088000] ACPI: Using IOAPIC for interrupt routing
[    0.088426] PCI: Using host bridge windows from ACPI; if necessary, use "pci=nocrs" and report a bug
[    0.092000] ACPI: Enabled 2 GPEs in block 00 to 07
[    0.107048] ACPI: PCI Root Bridge [PCI0] (domain 0000 [bus 00-ff])
[    0.108000] acpi PNP0A03:00: _OSC: OS supports [ASPM ClockPM Segments MSI]
[    0.108817] acpi PNP0A03:00: _OSC: not requesting OS control; OS requires [ExtendedConfig ASPM ClockPM MSI]
[    0.112000] acpi PNP0A03:00: fail to add MMCONFIG information, can't access extended PCI configuration space under this bridge.
[    0.116061] PCI host bridge to bus 0000:00
[    0.120000] pci_bus 0000:00: root bus resource [io  0x0000-0x0cf7 window]
[    0.120000] pci_bus 0000:00: root bus resource [io  0x0d00-0xffff window]
[    0.120000] pci_bus 0000:00: root bus resource [mem 0x000a0000-0x000bffff window]
[    0.120000] pci_bus 0000:00: root bus resource [mem 0x40000000-0xfdffffff window]
[    0.120000] pci_bus 0000:00: root bus resource [bus 00-ff]
[    0.126745] pci 0000:00:01.1: legacy IDE quirk: reg 0x10: [io  0x01f0-0x01f7]
[    0.128000] pci 0000:00:01.1: legacy IDE quirk: reg 0x14: [io  0x03f6]
[    0.128000] pci 0000:00:01.1: legacy IDE quirk: reg 0x18: [io  0x0170-0x0177]
[    0.128000] pci 0000:00:01.1: legacy IDE quirk: reg 0x1c: [io  0x0376]
[    0.148000] pci 0000:00:07.0: quirk: [io  0x4000-0x403f] claimed by PIIX4 ACPI
[    0.148000] pci 0000:00:07.0: quirk: [io  0x4100-0x410f] claimed by PIIX4 SMB
[    0.174332] ACPI: PCI Interrupt Link [LNKA] (IRQs 5 9 10 *11)
[    0.176625] ACPI: PCI Interrupt Link [LNKB] (IRQs 5 9 *10 11)
[    0.180000] ACPI: PCI Interrupt Link [LNKC] (IRQs 5 *9 10 11)
[    0.180000] ACPI: PCI Interrupt Link [LNKD] (IRQs 5 9 10 *11)
[    0.180000] SCSI subsystem initialized
[    0.180276] pci 0000:00:02.0: vgaarb: setting as boot VGA device
[    0.184000] pci 0000:00:02.0: vgaarb: VGA device added: decodes=io+mem,owns=io+mem,locks=none
[    0.184000] pci 0000:00:02.0: vgaarb: bridge control possible
[    0.184000] vgaarb: loaded
[    0.184000] ACPI: bus type USB registered
[    0.184000] usbcore: registered new interface driver usbfs
[    0.184000] usbcore: registered new interface driver hub
[    0.184000] usbcore: registered new device driver usb
[    0.184337] EDAC MC: Ver: 3.0.0
[    0.188576] PCI: Using ACPI for IRQ routing
[    0.192000] NetLabel: Initializing
[    0.192000] NetLabel:  domain hash size = 128
[    0.192000] NetLabel:  protocols = UNLABELED CIPSOv4 CALIPSO
[    0.192000] NetLabel:  unlabeled traffic allowed by default
[    0.196264] clocksource: Switched to clocksource kvm-clock
[    0.200000] VFS: Disk quotas dquot_6.6.0
[    0.200000] VFS: Dquot-cache hash table entries: 512 (order 0, 4096 bytes)
[    0.200000] AppArmor: AppArmor Filesystem Enabled
[    0.200000] pnp: PnP ACPI init
[    0.270395] pnp: PnP ACPI: found 3 devices
[    0.324500] clocksource: acpi_pm: mask: 0xffffff max_cycles: 0xffffff, max_idle_ns: 2085701024 ns
[    0.328439] NET: Registered protocol family 2
[    0.328439] IP idents hash table entries: 16384 (order: 5, 131072 bytes)
[    0.328439] TCP established hash table entries: 8192 (order: 4, 65536 bytes)
[    0.346840] TCP bind hash table entries: 8192 (order: 5, 131072 bytes)
[    0.346840] TCP: Hash tables configured (established 8192 bind 8192)
[    0.346840] UDP hash table entries: 512 (order: 2, 16384 bytes)
[    0.346840] UDP-Lite hash table entries: 512 (order: 2, 16384 bytes)
[    0.346840] NET: Registered protocol family 1
[    0.346840] pci 0000:00:00.0: Limiting direct PCI/PCI transfers
[    0.346840] pci 0000:00:01.0: Activating ISA DMA hang workarounds
[    0.346840] pci 0000:00:02.0: Video device with shadowed ROM at [mem 0x000c0000-0x000dffff]
[    0.346840] Unpacking initramfs...
[    0.346840] Freeing initrd memory: 19536K
[    0.346958] clocksource: tsc: mask: 0xffffffffffffffff max_cycles: 0x2e1972a5b8e, max_idle_ns: 440795217436 ns
[    0.346958] platform rtc_cmos: registered platform RTC device (no PNP device found)
[    0.346958] Scanning for low memory corruption every 60 seconds
[    0.945081] Initialise system trusted keyrings
[    0.947666] Key type blacklist registered
[    0.956784] workingset: timestamp_bits=36 max_order=18 bucket_order=0
[    0.974269] zbud: loaded
[    0.978920] squashfs: version 4.0 (2009/01/31) Phillip Lougher
[    0.986249] fuse init (API version 7.26)
[    1.028027] Key type asymmetric registered
[    1.031939] Asymmetric key parser 'x509' registered
[    1.031939] Block layer SCSI generic (bsg) driver version 0.4 loaded (major 246)
[    1.047514] io scheduler noop registered
[    1.051071] io scheduler deadline registered
[    1.051071] io scheduler cfq registered (default)
[    1.065537] ACPI: AC Adapter [AC] (on-line)
[    1.068671] input: Power Button as /devices/LNXSYSTM:00/LNXPWRBN:00/input/input0
[    1.076509] ACPI: Power Button [PWRF]
[    1.083850] input: Sleep Button as /devices/LNXSYSTM:00/LNXSLPBN:00/input/input1
[    1.087587] ACPI: Sleep Button [SLPF]
[    1.097493] Serial: 8250/16550 driver, 32 ports, IRQ sharing enabled
[    1.137573] 00:02: ttyS0 at I/O 0x3f8 (irq = 4, base_baud = 115200) is a 16550A
[    1.140217] Linux agpgart interface v0.103
[    1.158990] loop: module loaded
[    1.168284] scsi host0: ata_piix
[    1.173653] scsi host1: ata_piix
[    1.177562] ata1: PATA max UDMA/33 cmd 0x1f0 ctl 0x3f6 bmdma 0xd000 irq 14
[    1.177562] ata2: PATA max UDMA/33 cmd 0x170 ctl 0x376 bmdma 0xd008 irq 15
[    1.177562] libphy: Fixed MDIO Bus: probed
[    1.192829] tun: Universal TUN/TAP device driver, 1.6
[    1.192829] PPP generic driver version 2.4.2
[    1.192829] ehci_hcd: USB 2.0 'Enhanced' Host Controller (EHCI) Driver
[    1.192829] ehci-pci: EHCI PCI platform driver
[    1.192829] ehci-platform: EHCI generic platform driver
[    1.192829] ohci_hcd: USB 1.1 'Open' Host Controller (OHCI) Driver
[    1.192829] ohci-pci: OHCI PCI platform driver
[    1.192829] ohci-platform: OHCI generic platform driver
[    1.192829] uhci_hcd: USB Universal Host Controller Interface driver
[    1.192829] i8042: PNP: PS/2 Controller [PNP0303:PS2K,PNP0f03:PS2M] at 0x60,0x64 irq 1,12
[    1.266080] serio: i8042 KBD port at 0x60,0x64 irq 1
[    1.266872] serio: i8042 AUX port at 0x60,0x64 irq 12
[    1.266872] mousedev: PS/2 mouse device common for all mice
[    1.287528] rtc_cmos rtc_cmos: rtc core: registered rtc_cmos as rtc0
[    1.289767] rtc_cmos rtc_cmos: alarms up to one day, 114 bytes nvram
[    1.289767] i2c /dev entries driver
[    1.289767] device-mapper: uevent: version 1.0.3
[    1.289767] device-mapper: ioctl: 4.37.0-ioctl (2017-09-20) initialised: dm-devel@redhat.com
[    1.323587] ledtrig-cpu: registered to indicate activity on CPUs
[    1.332487] NET: Registered protocol family 10
[    1.340711] input: AT Translated Set 2 keyboard as /devices/platform/i8042/serio0/input/input2
[    1.361024] Segment Routing with IPv6
[    1.365014] NET: Registered protocol family 17
[    1.371194] Key type dns_resolver registered
[    1.376965] mce: Using 0 MCE banks
[    1.380617] RAS: Correctable Errors collector initialized.
[    1.380617] sched_clock: Marking stable (1376617277, 0)->(2882386226, -1505768949)
[    1.400834] registered taskstats version 1
[    1.406715] Loading compiled-in X.509 certificates
[    1.418270] Loaded X.509 cert 'Build time autogenerated kernel key: 408b96eb428cbe545a63e9a677d083d5c6df802b'
[    1.429368] Loaded X.509 cert 'Canonical Ltd. Live Patch Signing: 14df34d1a87cf37625abec039ef2bf521249b969'
[    1.440466] Loaded X.509 cert 'Canonical Ltd. Kernel Module Signing: 88f752e560a1e0737e31163a466ad7b70a850c19'
[    1.451450] blacklist: Loading compiled-in revocation X.509 certificates
[    1.458798] Loaded X.509 cert 'Canonical Ltd. Secure Boot Signing: 61482aa2830d0ab2ad5af10b7250da9033ddcef0'
[    1.469916] zswap: loaded using pool lzo/zbud
[    1.555128] Key type big_key registered
[    1.559368] Key type trusted registered
[    1.567752] Key type encrypted registered
[    1.572081] AppArmor: AppArmor sha1 policy hashing enabled
[    1.577543] ima: No TPM chip found, activating TPM-bypass! (rc=-19)
[    1.583684] ima: Allocated hash algorithm: sha1
[    1.588257] evm: HMAC attrs: 0x1
[    1.593289]   Magic number: 14:856:81
[    1.597948] rtc_cmos rtc_cmos: setting system clock to 2022-03-25 14:03:48 UTC (1648217028)
[    1.606817] BIOS EDD facility v0.16 2004-Jun-25, 0 devices found
[    1.613128] EDD information not available.
[    1.621555] Freeing unused kernel image memory: 2448K
[    1.648266] Write protecting the kernel read-only data: 20480k
[    1.656344] Freeing unused kernel image memory: 2008K
[    1.662141] Freeing unused kernel image memory: 1824K
[    1.674453] x86/mm: Checked W+X mappings: passed, no W+X pages found.
[    1.681010] x86/mm: Checking user space page tables
[    1.691713] x86/mm: Checked W+X mappings: passed, no W+X pages found.
Loading, please wait...
starting version 237
[    2.310956] e1000: Intel(R) PRO/1000 Network Driver - version 7.3.21-k8-NAPI
[    2.320051] e1000: Copyright (c) 1999-2006 Intel Corporation.
[    2.327310] Fusion MPT base driver 3.04.20
[    2.331798] Copyright (c) 1999-2008 LSI Corporation
[    2.382440] Fusion MPT SPI Host driver 3.04.20
[    2.643618] input: ImExPS/2 Generic Explorer Mouse as /devices/platform/i8042/serio1/input/input4
[    3.285603] e1000 0000:00:03.0 eth0: (PCI:33MHz:32-bit) 02:8d:1f:db:13:bf
[    3.293282] e1000 0000:00:03.0 eth0: Intel(R) PRO/1000 Network Connection
[    3.303794] mptbase: ioc0: Initiating bringup
[    4.077648] ioc0: LSI53C1030 A0: Capabilities={Initiator}
[    5.305883] scsi host2: ioc0: LSI53C1030 A0, FwRev=00000000h, Ports=1, MaxQ=256, IRQ=20
[    6.109492] scsi 2:0:0:0: Direct-Access     VBOX     HARDDISK         1.0  PQ: 0 ANSI: 5
[    6.172553] scsi target2:0:0: Beginning Domain Validation
[    6.188600] scsi target2:0:0: Domain Validation skipping write tests
[    6.195561] scsi target2:0:0: Ending Domain Validation
[    6.202232] scsi target2:0:0: asynchronous
[    6.210819] scsi 2:0:1:0: Direct-Access     VBOX     HARDDISK         1.0  PQ: 0 ANSI: 5
[    6.464588] scsi target2:0:1: Beginning Domain Validation
[    6.481147] scsi target2:0:1: Domain Validation skipping write tests
[    6.488228] scsi target2:0:1: Ending Domain Validation
[    6.494351] scsi target2:0:1: asynchronous
[    6.511872] random: fast init done
[    6.518655] random: systemd-udevd: uninitialized urandom read (16 bytes read)
[    6.527002] random: systemd-udevd: uninitialized urandom read (16 bytes read)
[    6.534419] random: systemd-udevd: uninitialized urandom read (16 bytes read)
[    6.542714] sd 2:0:0:0: Attached scsi generic sg0 type 0
[    6.549207] sd 2:0:1:0: Attached scsi generic sg1 type 0
[    6.550836] sd 2:0:1:0: [sdb] 20480 512-byte logical blocks: (10.5 MB/10.0 MiB)
[    6.563694] sd 2:0:1:0: [sdb] Write Protect is off
[    6.570514] sd 2:0:0:0: [sda] 83886080 512-byte logical blocks: (42.9 GB/40.0 GiB)
[    6.578430] sd 2:0:1:0: [sdb] Incomplete mode parameter data
[    6.584387] sd 2:0:1:0: [sdb] Assuming drive cache: write through
[    6.591208] sd 2:0:0:0: [sda] Write Protect is off
[    6.597057] sd 2:0:0:0: [sda] Incomplete mode parameter data
[    6.603229] sd 2:0:0:0: [sda] Assuming drive cache: write through
[    6.615611] sd 2:0:1:0: [sdb] Attached SCSI disk
[    6.622986]  sda: sda1
[    6.628032] sd 2:0:0:0: [sda] Attached SCSI disk
[    6.922366] e1000 0000:00:08.0 eth1: (PCI:33MHz:32-bit) 08:00:27:2d:8d:20
[    6.929971] e1000 0000:00:08.0 eth1: Intel(R) PRO/1000 Network Connection
[    7.663325] e1000 0000:00:09.0 eth2: (PCI:33MHz:32-bit) 08:00:27:1b:44:ab
[    7.671406] e1000 0000:00:09.0 eth2: Intel(R) PRO/1000 Network Connection
[    8.375062] e1000 0000:00:0a.0 eth3: (PCI:33MHz:32-bit) 08:00:27:38:0c:32
[    8.382324] e1000 0000:00:0a.0 eth3: Intel(R) PRO/1000 Network Connection
[    9.083269] e1000 0000:00:10.0 eth4: (PCI:33MHz:32-bit) 08:00:27:23:5c:3a
[    9.090586] e1000 0000:00:10.0 eth4: Intel(R) PRO/1000 Network Connection
[    9.101418] e1000 0000:00:0a.0 enp0s10: renamed from eth3
[   18.294879] e1000 0000:00:10.0 enp0s16: renamed from eth4
[   19.308446] e1000 0000:00:03.0 enp0s3: renamed from eth0
[   26.298131] e1000 0000:00:09.0 enp0s9: renamed from eth2
[   29.296730] e1000 0000:00:08.0 enp0s8: renamed from eth1
Begin: Loading essential drivers ... [   31.740342] raid6: sse2x1   gen() 10302 MB/s
[   31.792138] raid6: sse2x1   xor()  7826 MB/s
[   31.844243] raid6: sse2x2   gen() 13109 MB/s
[   31.896636] raid6: sse2x2   xor()  8741 MB/s
[   31.948324] raid6: sse2x4   gen() 15796 MB/s
[   32.000132] raid6: sse2x4   xor()  9959 MB/s
[   32.005107] raid6: using algorithm sse2x4 gen() 15796 MB/s
[   32.010790] raid6: .... xor() 9959 MB/s, rmw enabled
[   32.016764] raid6: using ssse3x2 recovery algorithm
[   32.025687] xor: measuring software checksum speed
[   37.322809]    prefetch64-sse: 656437.704 MB/sec
[   37.430206]    generic_sse: 49428.000 MB/sec
[   37.435078] xor: using function: prefetch64-sse (656437.704 MB/sec)
[   37.444976] async_tx: api initialized (async)
done.
Begin: Running /scripts/init-premount ... done.
Begin: Mounting root file system ... Begin: Running /scripts/local-top ... done.
Begin: Running /scripts/local-premount ... [   37.519560] Btrfs loaded, crc32c=crc32c-intel
Scanning for Btrfs filesystems
done.
Warning: fsck not present, so skipping root file system
[   37.582515] EXT4-fs (sda1): mounted filesystem with ordered data mode. Opts: (null)
done.
Begin: Running /scripts/local-bottom ... done.
Begin: Running /scripts/init-bottom ... done.
[   37.851236] ip_tables: (C) 2000-2006 Netfilter Core Team
[   37.877469] systemd[1]: systemd 237 running in system mode. (+PAM +AUDIT +SELINUX +IMA +APPARMOR +SMACK +SYSVINIT +UTMP +LIBCRYPTSETUP +GCRYPT +GNUTLS +ACL +XZ +LZ4 +SECCOMP +BLKID +ELFUTILS +KMOD -IDN2 +IDN -PCRE2 default-hierarchy=hybrid)
[   37.898955] systemd[1]: Detected virtualization oracle.
[   37.904602] systemd[1]: Detected architecture x86-64.

Welcome to [1mUbuntu 18.04.6 LTS[0m!

[   37.945897] systemd[1]: Set hostname to <ubuntu>.
[   37.961463] systemd[1]: Initializing machine ID from random generator.
[   37.968475] systemd[1]: Installed transient /etc/machine-id file.
[   38.408987] systemd[1]: Created slice System Slice.
[[0;32m  OK  [0m] Created slice System Slice.
[   38.417086] systemd[1]: Listening on udev Kernel Socket.
[[0;32m  OK  [0m] Listening on udev Kernel Socket.
[   38.425333] systemd[1]: Listening on Journal Audit Socket.
[[0;32m  OK  [0m] Listening on Journal Audit Socket.
[   38.433956] systemd[1]: Listening on Journal Socket (/dev/log).
[[0;32m  OK  [0m] Listening on Journal Socket (/dev/log).
[[0;32m  OK  [0m] Reached target System Time Synchronized.
[[0;32m  OK  [0m] Listening on Device-mapper event daemon FIFOs.
[[0;32m  OK  [0m] Reached target User and Group Name Lookups.
[[0;32m  OK  [0m] Created slice User and Session Slice.
[[0;32m  OK  [0m] Started Forward Password Requests to Wall Directory Watch.
[[0;32m  OK  [0m] Listening on Journal Socket.
         Mounting Kernel Debug File System...
         Starting Create list of required st…ce nodes for the current kernel...
         Starting Uncomplicated firewall...
[[0;32m  OK  [0m] Listening on Network Service Netlink Socket.
[[0;32m  OK  [0m] Listening on /dev/initctl Compatibility Named Pipe.
         Mounting Huge Pages File System...
[[0;32m  OK  [0m] Listening on udev Control Socket.
         Starting udev Coldplug all Devices...
[[0;32m  OK  [0m] Set up automount Arbitrary Executab…rmats File System Automount Point.
         Starting Load Kernel Modules...
         Starting Set the console keyboard layout...
         Mounting POSIX Message Queue File System...
[[0;32m  OK  [0m] Reached target Slices.
[[0;32m  OK  [0m] Listening on LVM2 metadata daemon socket.
         Starting Monitoring of LVM2 mirrors…ng dmeventd or progress polling...
[[0;32m  OK  [0m] Listening on LVM2 poll daemon socket.
[[0;32m  OK  [0m] Listening on fsck to fsckd communication Socket.
         Starting File System Check on Root Device...
[[0;32m  OK  [0m] Reached target Swap.
[[0;32m  OK  [0m] Listening on Syslog Socket.
         Starting Journal Service...
[[0;32m  OK  [[   38.612677] Loading iSCSI transport class v2.0-870.
0m] Created slice system-serial\x2dgetty.slice.
[[0;32m  OK  [0m] Mounted Kernel Debug File System.
[[0;32m  OK  [0m] Started Create list of required sta…vice nodes for the current kernel.
[[0;32m  OK  [0m] Started Uncomplicated firewall.
[[0;32m  OK  [0m] Mounted Huge Pages File System.
[[0;32m  OK  [0m] Mounted POSIX Message Queue File System.
[[0;32m  OK  [0m] Started LVM2 metadata daemon.
[[0;32m  OK  [0m] Started File System Check Daemon to report status.
         Starting Create Static Device Nodes in /dev...
[[0;32m  OK  [0m] Started udev Coldplug all Devices.
[[0;32m  OK  [0m] Started File System Check on Root Device.
         Starting Remount Root and Kernel File Systems...
[[0;32m  OK  [0m] Started Create Static Device Nodes in /dev.
[   39.483952] iscsi: registered transport (tcp)
[[0;32m  OK  [0m] Started Journal Service.
[   39.574075] iscsi: registered transport (iser)
[   39.581346] EXT4-fs (sda1): re-mounted. Opts: (null)
[[0;32m  OK  [0m] Started Load Kernel Modules.
[[0;32m  OK  [0m] Started Remount Root and Kernel File Systems.
         Starting Flush Journal to Persistent Storage...
         Starting udev Kernel Device Manager...
         Starting Load/Save Random Seed...
         Mounting FUSE Control File System...
         Mounting Kernel Configuration File System...
         Starting Apply Kernel Variables...
[[0;32m  OK  [0m] Started Monitoring of LVM2 mirrors,…sing dmeventd or progress polling.
[[0;32m  OK  [0m] Mounted Kernel Configuration File System.
[   39.661036] systemd-journald[388]: Received request to flush runtime journal from PID 1
[[0;32m  OK  [0m] Mounted FUSE Control File System.
[[0;32m  OK  [0m] Started Load/Save Random Seed.
[[0;32m  OK  [0m] Started udev Kernel Device Manager.
[[0;32m  OK  [0m] Started Apply Kernel Variables.
[[0;32m  OK  [0m] Started Flush Journal to Persistent Storage.
[[0;32m  OK  [0m] Found device /dev/ttyS0.
[[0;32m  OK  [0m] Listening on Load/Save RF Kill Switch Status /dev/rfkill Watch.
[[0;32m  OK  [0m] Started Set the console keyboard layout.
[[0;32m  OK  [0m] Reached target Local File Systems (Pre).
[[0;32m  OK  [0m] Reached target Local File Systems.
         Starting Tell Plymouth To Write Out Runtime Data...
         Starting Create Volatile Files and Directories...
         Starting Commit a transient machine-id on disk...
         Starting AppArmor initialization...
         Starting ebtables ruleset management...
         Starting Set console font and keymap...
[[0;32m  OK  [0m] Started Dispatch Password Requests to Console Directory Watch.
[[0;32m  OK  [0m] Reached target Local Encrypted Volumes.
[[0;32m  OK  [0m] Started Create Volatile Files and Directories.
         Starting Update UTMP about System Boot/Shutdown...
[[0;32m  OK  [0m] Started Tell Plymouth To Write Out Runtime Data.
[[0;32m  OK  [0m] Started Update UTMP about System Boot/Shutdown.
[[0;32m  OK  [0m] Started Commit a transient machine-id on disk.
[[0;32m  OK  [0m] Started ebtables ruleset management.
[[0;32m  OK  [0m] Started AppArmor initialization.
         Starting Initial cloud-init job (pre-networking)...
         Starting Load AppArmor profiles managed internally by snapd...
[[0;32m  OK  [0m] Started Load AppArmor profiles managed internally by snapd.
[[0;32m  OK  [0m] Started Set console font and keymap.
[   45.927576] cloud-init[736]: Cloud-init v. 21.4-0ubuntu1~18.04.1 running 'init-local' at Fri, 25 Mar 2022 14:04:32 +0000. Up 45.38 seconds.
[[0;32m  OK  [0m] Started Initial cloud-init job (pre-networking).
[[0;32m  OK  [0m] Reached target Network (Pre).
         Starting Network Service...
[[0;32m  OK  [0m] Started Network Service.
         Starting Network Name Resolution...
         Starting Wait for Network to be Configured...
[[0;32m  OK  [0m] Started Network Name Resolution.
[[0;32m  OK  [0m] Reached target Network.
[[0;32m  OK  [0m] Reached target Host and Network Name Lookups.
[[0;32m  OK  [0m] Started Wait for Network to be Configured.
         Starting Initial cloud-init job (metadata service crawler)...
[   48.044684] cloud-init[905]: Cloud-init v. 21.4-0ubuntu1~18.04.1 running 'init' at Fri, 25 Mar 2022 14:04:34 +0000. Up 47.87 seconds.
[   48.059858] cloud-init[905]: ci-info: +++++++++++++++++++++++++++++++++++++++Net device info+++++++++++++++++++++++++++++++++++++++
[   48.066002] cloud-init[905]: ci-info: +---------+-------+----------------------------+---------------+--------+-------------------+
[   48.070816] cloud-init[905]: ci-info: |  Device |   Up  |          Address           |      Mask     | Scope  |     Hw-Address    |
[   48.076393] cloud-init[905]: ci-info: +---------+-------+----------------------------+---------------+--------+-------------------+
[   48.082169] cloud-init[905]: ci-info: | enp0s10 | False |             .              |       .       |   .    | 08:00:27:38:0c:32 |
[   48.088448] cloud-init[905]: ci-info: | enp0s16 | False |             .              |       .       |   .    | 08:00:27:23:5c:3a |
[   48.093935] cloud-init[905]: ci-info: |  enp0s3 |  True |         10.0.2.15          | 255.255.255.0 | global | 02:8d:1f:db:13:bf |
[   48.099367] cloud-init[905]: ci-info: |  enp0s3 |  True | fe80::8d:1fff:fedb:13bf/64 |       .       |  link  | 02:8d:1f:db:13:bf |
[   48.104125] cloud-init[905]: ci-info: |  enp0s8 | False |             .              |       .       |   .    | 08:00:27:2d:8d:20 |
[   48.109464] cloud-init[905]: ci-info: |  enp0s9 | False |             .              |       .       |   .    | 08:00:27:1b:44:ab |
[   48.114335] cloud-init[905]: ci-info: |    lo   |  True |         127.0.0.1          |   255.0.0.0   |  host  |         .         |
[   48.119041] cloud-init[905]: ci-info: |    lo   |  True |          ::1/128           |       .       |  host  |         .         |
[   48.124194] cloud-init[905]: ci-info: +---------+-------+----------------------------+---------------+--------+-------------------+
[   48.128849] cloud-init[905]: ci-info: ++++++++++++++++++++++++++++Route IPv4 info+++++++++++++++++++++++++++++
[   48.133094] cloud-init[905]: ci-info: +-------+-------------+----------+-----------------+-----------+-------+
[   48.136961] cloud-init[905]: ci-info: | Route | Destination | Gateway  |     Genmask     | Interface | Flags |
[   48.141449] cloud-init[905]: ci-info: +-------+-------------+----------+-----------------+-----------+-------+
[   48.145254] cloud-init[905]: ci-info: |   0   |   0.0.0.0   | 10.0.2.2 |     0.0.0.0     |   enp0s3  |   UG  |
[   48.149624] cloud-init[905]: ci-info: |   1   |   10.0.2.0  | 0.0.0.0  |  255.255.255.0  |   enp0s3  |   U   |
[   48.153918] cloud-init[905]: ci-info: |   2   |   10.0.2.2  | 0.0.0.0  | 255.255.255.255 |   enp0s3  |   UH  |
[   48.158674] cloud-init[905]: ci-info: +-------+-------------+----------+-----------------+-----------+-------+
[   48.167287] cloud-init[905]: ci-info: +++++++++++++++++++Route IPv6 info+++++++++++++++++++
[   48.171936] cloud-init[905]: ci-info: +-------+-------------+---------+-----------+-------+
[   48.175139] cloud-init[905]: ci-info: | Route | Destination | Gateway | Interface | Flags |
[   48.181380] cloud-init[905]: ci-info: +-------+-------------+---------+-----------+-------+
[   48.184605] cloud-init[905]: ci-info: |   1   |  fe80::/64  |    ::   |   enp0s3  |   U   |
[   48.189155] cloud-init[905]: ci-info: |   3   |    local    |    ::   |   enp0s3  |   U   |
[   48.192911] cloud-init[905]: ci-info: |   4   |   ff00::/8  |    ::   |   enp0s3  |   U   |
[   48.195989] cloud-init[905]: ci-info: +-------+-------------+---------+-----------+-------+
[   49.472531] cloud-init[905]: Generating public/private rsa key pair.
[[0;32m  OK  [0m] Started Initial cloud-init job (metadata service crawler).
[[0;32m  OK  [0m] Reached target Cloud-config availability.
[   49.548549] cloud-init[905]: Your identification has been saved in /etc/ssh/ssh_host_rsa_key.
[   49.560250] cloud-init[905]: Your public key has been saved in /etc/ssh/ssh_host_rsa_key.pub.
[[0;32m  OK  [0m] Reached target Network is Online.
[   49.567050] cloud-init[905]: The key fingerprint is:
[   49.569223] [cloud-init[0;32m  OK  [0m[905]: ] SHA256:YarknPi8mulfu4Cq51uPIBxJNyZJl3N7hJUw0bWYyYg root@ubuntu-bionicReached target Remote File Systems (Pre).

[[   49.574415] [0;32m  OK  [0mcloud-init] [905]: Reached target Remote File Systems.The key's randomart image is:

         Starting Availability of block devices...
[[0;32m  OK  [0m] Reached target System Initialization.
[[0;32m  OK  [0m] Listening on cloud-init hotplug hook socket.
[[0;32m  OK  [0m] Listening on ACPID Listen Socket.
[[0;32m  OK  [0m] Listening on UUID daemon activation socket.
[[0;32m  OK  [0m] Started Message of the Day.
[   49.585939] cloud-init[905]: +---[RSA 2048]----+
         Starting LXD - unix socket.
[   49.646451] cloud-init[905]: | . ..+*.o.       |
[   49.651299] cloud-init[905]: |. oo.o+++ .      |
         Starting Socket activation for snappy daemon.
[   49.658781] [cloud-init[0;32m  OK  [0m[905]: ] | + Eo.o=o.       |Started Daily Cleanup of Temporary Directories.

[[0;32m  OK  [0m] Started Discard unused blocks once a week.
[   49.662680] cloud-init[905]: |. = .. + .       |
[[0;32m  OK  [0m] Started Daily apt download activities.
[   49.666625] cloud-init[905]: | o  . o S        |
[[0;32m  OK  [0m] Started Daily apt upgrade and clean activities.
[   49.670664] cloud-init[905]: |. .* o           |
[[0;32m  OK  [0m] Listening on Open-iSCSI iscsid Socket.
[   49.675549] cloud-init[905]: |..+ B .          |
[   49.679495] [cloud-init[0;32m  OK  [0m[905]: ] | o.B = .         |Started Trigger to poll for Ubuntu …(Only enabled on GCP LTS non-pro).

[[0;32m  OK  [0m] Started ACPI Events Check.
[[0;32m  OK  [0m] Reached target Paths.
[[0;32m  OK  [0m] Started Ubuntu Advantage Timer for running repeated jobs.
[[0;32m  OK  [0m] Reached target Timers.
[   49.684685] cloud-init[905]: |++B+*.+.         |
[[0;32m  OK  [0m] Listening on D-Bus System Message Bus Socket.
[   49.695728] cloud-init[905]: +----[SHA256]-----+
[[0;32m  OK  [0m] Started Availability of block devices.
[   49.699823] cloud-init[905]: Generating public/private dsa key pair.
[[0;32m  OK  [0m] Listening on LXD - unix socket.
[   49.704300] cloud-init[905]: Your identification has been saved in /etc/ssh/ssh_host_dsa_key.
[[   49.709210] [0;32m  OK  [0mcloud-init] [905]: Listening on Socket activation for snappy daemon.Your public key has been saved in /etc/ssh/ssh_host_dsa_key.pub.

[[0;32m  OK  [0m] Reached target Sockets.
[[0;32m  OK  [0m] Reached target Basic System.
[   49.716141] cloud-init[905]: The key fingerprint is:
[   49.727893] cloud-init[905]: SHA256:JlrmYENFIwzuMjHaK6PHSocsaG/CKqwnJk4un15GfSM root@ubuntu-bionic
         Starting Accounts Service...
[[0;32m  OK  [0m] Started D-Bus System Message Bus.
[   49.743728] cloud-init[905]: The key's randomart image is:
[   49.764878] cloud-init[905]: +---[DSA 1024]----+
[   49.767203] cloud-init[905]: |  .o..+          |
[   49.769949] cloud-init[905]: | .  .o .         |
[   49.772081] cloud-init[905]: |o . .            |
[   49.774272] cloud-init[905]: |.= . .           |
[   49.776242] cloud-init[905]: |+ o = E S        |
[   49.778565] cloud-init[905]: |oo.+ B = .       |
[   49.780798] cloud-init[905]: |BB..+ .          |
[   49.783036] cloud-init[905]: |%B*=             |
[   49.785075] cloud-init[905]: |&X*.             |
[   49.788810] cloud-init[905]: +----[SHA256]-----+
[   49.791065] cloud-init[905]: Generating public/private ecdsa key pair.
[   49.794652] cloud-init[905]: Your identification has been saved in /etc/ssh/ssh_host_ecdsa_key.
[   49.798154] cloud-init[905]: Your public key has been saved in /etc/ssh/ssh_host_ecdsa_key.pub.
[   49.803683] cloud-init[905]: The key fingerprint is:
[   49.805756] cloud-init[905]: SHA256:JIHhKA9wmaV1ePkSwQTMTx6CXHb2xN6Fk2SO0DqHR6o root@ubuntu-bionic
[   49.809506] cloud-init[905]: The key's randomart image is:
[   49.811862] cloud-init[905]: +---[ECDSA 256]---+
[   49.813821] cloud-init[905]: |...OBBO=..oo     |
[   49.816406] cloud-init[905]: |..=**+B=+++ .    |
[   49.818699] cloud-init[905]: |o o .*.X+..o     |
[   49.821131] cloud-init[905]: | +    Oo= .      |
[   49.823395] cloud-init[905]: |  .  . =S        |
[   49.825343] cloud-init[905]: |    E            |
[   49.827594] cloud-init[905]: |                 |
[   49.829954] cloud-init[905]: |                 |
[   49.831938] cloud-init[905]: |                 |
[   49.834444] cloud-init[905]: +----[SHA256]-----+
[   49.836989] cloud-init[905]: Generating public/private ed25519 key pair.
[   49.841780] cloud-init[905]: Your identification has been saved in /etc/ssh/ssh_host_ed25519_key.
[   49.845598] cloud-init[905]: Your public key has been saved in /etc/ssh/ssh_host_ed25519_key.pub.
[   49.849810] cloud-init[905]: The key fingerprint is:
[   49.852746] cloud-init[905]: SHA256:d/kB/nZzmPLelQAi/IoPc9nJ+CY7KW0sJyEHgmBMjas root@ubuntu-bionic
[   49.858482] cloud-init[905]: The key's randomart image is:
[   49.861220] cloud-init[905]: +--[ED25519 256]--+
[   49.863523] cloud-init[905]: |o.o              |
[   49.865634] cloud-init[905]: |.+ .  .          |
[   49.868239] cloud-init[905]: |+ .    o . ..    |
[   49.870825] cloud-init[905]: |.o .    o ...o   |
[   49.873091] cloud-init[905]: |. . .   S.. +..  |
[   49.875408] cloud-init[905]: |E  . o. *... o.+.|
[   49.877583] cloud-init[905]: |    o++=.+  . *o+|
[   49.879946] cloud-init[905]: |     +=O..   + o+|
[   49.885606] cloud-init[905]: |      *o=.   .o .|
[   49.888107] cloud-init[905]: +----[SHA256]-----+
         Starting Dispatcher daemon for systemd-networkd...
[[0;32m  OK  [0m] Started FUSE filesystem for LXC.
         Starting System Logging Service...
         Starting Pollinate to seed the pseudo random number generator...
         Starting Login Service...
         Starting Virtualbox guest utils...
[[0;32m  OK  [0m] Started Deferred execution scheduler.
         Starting Permit User Sessions...
[[0;32m  OK  [0m] Started irqbalance daemon.
         Starting LSB: Record successful boot for GRUB...
         Starting Snap Daemon...
[[0;32m  OK  [0m] Started Regular background program processing daemon.
         Starting LSB: automatic crash report generation...
         Starting LXD - container startup/shutdown...
[[0;32m  OK  [0m] Started System Logging Service.
[[0;32m  OK  [0m] Started Permit User Sessions.
[[0;32m  OK  [0m] Started Login Service.
[[0;32m  OK  [0m] Started Unattended Upgrades Shutdown.
         Starting Authorization Manager...
         Starting Terminate Plymouth Boot Screen...
         Starting Hold until boot process finishes up...
[[0;32m  OK  [0m] Started Terminate Plymouth Boot Screen.
[[0;32m  OK  [0m] Started Hold until boot process finishes up.
         Starting Set console scheme...
[[0;32m  OK  [0m] Started Serial Getty on ttyS0.
[[0;32m  OK  [0m] Started Dispatcher daemon for systemd-networkd.
[[0;32m  OK  [0m] Started Set console scheme.
[[0;32m  OK  [0m] Created slice system-getty.slice.
[[0;32m  OK  [0m] Started Getty on tty1.
[[0;32m  OK  [0m] Reached target Login Prompts.
[[0;32m  OK  [0m] Started LSB: automatic crash report generation.
[[0;32m  OK  [0m] Started Authorization Manager.
[[0;32m  OK  [0m] Started Accounts Service.
[[0;32m  OK  [0m] Started LSB: Record successful boot for GRUB.
[[0;32m  OK  [0m] Started LXD - container startup/shutdown.
[[0;32m  OK  [0m] Started Virtualbox guest utils.
[[0;32m  OK  [0m] Started Pollinate to seed the pseudo random number generator.
         Starting OpenBSD Secure Shell server...
[[0;32m  OK  [0m] Started OpenBSD Secure Shell server.
[[0;32m  OK  [0m] Started Snap Daemon.
         Starting Wait until snapd is fully seeded...
[[0;32m  OK  [0m] Created slice User Slice of vagrant.
         Starting User Manager for UID 1000...
[[0;32m  OK  [0m] Started Session 1 of user vagrant.
[[0;32m  OK  [0m] Started User Manager for UID 1000.
[[0;32m  OK  [0m] Started Wait until snapd is fully seeded.
[[0;32m  OK  [0m] Reached target Multi-User System.
[[0;32m  OK  [0m] Reached target Graphical Interface.
         Starting Update UTMP about System Runlevel Changes...
         Starting Apply the settings specified in cloud-config...
[[0;32m  OK  [0m] Started Update UTMP about System Runlevel Changes.
[   56.105365] cloud-init[1729]: Cloud-init v. 21.4-0ubuntu1~18.04.1 running 'modules:config' at Fri, 25 Mar 2022 14:04:41 +0000. Up 54.76 seconds.
ci-info: no authorized SSH keys fingerprints found for user ubuntu.

Ubuntu 18.04.6 LTS ubuntu-bionic ttyS0

ubuntu-bionic login: <14>Mar 25 14:04:43 cloud-init: #############################################################
<14>Mar 25 14:04:43 cloud-init: -----BEGIN SSH HOST KEY FINGERPRINTS-----
<14>Mar 25 14:04:43 cloud-init: 1024 SHA256:JlrmYENFIwzuMjHaK6PHSocsaG/CKqwnJk4un15GfSM root@ubuntu-bionic (DSA)
<14>Mar 25 14:04:43 cloud-init: 256 SHA256:JIHhKA9wmaV1ePkSwQTMTx6CXHb2xN6Fk2SO0DqHR6o root@ubuntu-bionic (ECDSA)
<14>Mar 25 14:04:43 cloud-init: 256 SHA256:d/kB/nZzmPLelQAi/IoPc9nJ+CY7KW0sJyEHgmBMjas root@ubuntu-bionic (ED25519)
<14>Mar 25 14:04:43 cloud-init: 2048 SHA256:YarknPi8mulfu4Cq51uPIBxJNyZJl3N7hJUw0bWYyYg root@ubuntu-bionic (RSA)
<14>Mar 25 14:04:43 cloud-init: -----END SSH HOST KEY FINGERPRINTS-----
<14>Mar 25 14:04:43 cloud-init: #############################################################
-----BEGIN SSH HOST KEY KEYS-----
ecdsa-sha2-nistp256 AAAAE2VjZHNhLXNoYTItbmlzdHAyNTYAAAAIbmlzdHAyNTYAAABBBM1stEbdsscr6phNPVkDuinDrzg+M+eg+Q3seseplAV09rHitP1hO/xwtDprdsXKi9Y6Gd82wwTC+jYt4+VG9s8= root@ubuntu-bionic
ssh-ed25519 AAAAC3NzaC1lZDI1NTE5AAAAIC1kEms8ED59u74vqbub9q2IesPwRgsUb/IzLGQXYtt/ root@ubuntu-bionic
ssh-rsa AAAAB3NzaC1yc2EAAAADAQABAAABAQDRAtZHC8IHXJROAV0+FcPoqrKXdJdYBPxNM92PXfTVwtvhQE+gwe2nIE7sRbbaj/Sy2HaaOBOLquCiX+H8k2STPl8pWs3f6pkx6LiE45bWjS6d/G/LU+1M3F+Va8BUsoRVq6q9tv/9ZAGClRduUsgxT4ONIWbRcKWG/211GuTEmV2ZdGqj/NfxWaOTPhpHxPWBO2HV7jSkMkAd5OE9lE20WFXfQqPBELmUhrb76IwYlgDmrnRuUf8yrosznHfsBnLTe6Mco2GvrYOstP7w15ECz4O7NGKrDYuexxhdFHzi5aoTieMJHeI1YhkmzijAdaabwKSLWRqptdgKabeRdA2f root@ubuntu-bionic
-----END SSH HOST KEY KEYS-----
[   56.945361] cloud-init[1845]: Cloud-init v. 21.4-0ubuntu1~18.04.1 running 'modules:final' at Fri, 25 Mar 2022 14:04:43 +0000. Up 56.70 seconds.
[   56.946169] cloud-init[1845]: ci-info: no authorized SSH keys fingerprints found for user ubuntu.
[   56.946228] cloud-init[1845]: Cloud-init v. 21.4-0ubuntu1~18.04.1 finished at Fri, 25 Mar 2022 14:04:43 +0000. Datasource DataSourceNoCloud [seed=/dev/sdb][dsmode=net].  Up 56.89 seconds
[  460.297579] INFO: rcu_sched detected stalls on CPUs/tasks:
[  460.303685] 	1-...!: (1 GPs behind) idle=f42/140000000000000/0 softirq=14445/14445 fqs=1 
[  460.312147] 	(detected by 0, t=21186 jiffies, g=2955, c=2954, q=1307)
[  471.702642] rcu_sched kthread starved for 21184 jiffies! g2955 c2954 f0x0 RCU_GP_WAIT_FQS(3) ->state=0x0 ->cpu=0
state=0x402 ->cpu=0
[ 1144.450789] INFO: rcu_sched self-detected stall on CPU
[ 1144.456619] 	0-...!: (2 ticks this GP) idle=6be/140000000000001/0 softirq=14562/14567 fqs=0 
[ 1144.465196] 	 (t=125954 jiffies g=3216 c=3215 q=56)
[ 1144.470271] rcu_sched kthread starved for 125954 jiffies! g3216 c3215 f0x0 RCU_GP_WAIT_FQS(3) ->state=0x402 ->cpu=1
[ 1144.478167] INFO: rcu_sched detected stalls on CPUs/tasks:
[ 1144.505482] 	(detected by 1, t=125967 jiffies, g=3216, c=3215, q=169)
[ 1144.512756] All QSes seen, last rcu_sched kthread activity 125969 (4295178559-4295052590), jiffies_till_next_fqs=1, root ->qsmask 0x0
[ 1144.527058] rcu_sched kthread starved for 125972 jiffies! g3216 c3215 f0x2 RCU_GP_WAIT_FQS(3) ->state=0x200 ->cpu=1
