[    0.000000] Linux version 4.15.0-166-generic (buildd@lgw01-amd64-012) (gcc version 7.5.0 (Ubuntu 7.5.0-3ubuntu1~18.04)) #174-Ubuntu SMP Wed Dec 8 19:07:44 UTC 2021 (Ubuntu 4.15.0-166.174-generic 4.15.18)
[    0.000000] Command line: BOOT_IMAGE=/boot/vmlinuz-4.15.0-166-generic root=LABEL=cloudimg-rootfs ro console=tty1 console=ttyS0
[    0.000000] KERNEL supported cpus:
[    0.000000]   Intel GenuineIntel
[    0.000000]   AMD AuthenticAMD
[    0.000000]   Centaur CentaurHauls
[    0.000000] x86/fpu: x87 FPU will use FXSAVE
[    0.000000] e820: BIOS-provided physical RAM map:
[    0.000000] BIOS-e820: [mem 0x0000000000000000-0x000000000009fbff] usable
[    0.000000] BIOS-e820: [mem 0x000000000009fc00-0x000000000009ffff] reserved
[    0.000000] BIOS-e820: [mem 0x00000000000f0000-0x00000000000fffff] reserved
[    0.000000] BIOS-e820: [mem 0x0000000000100000-0x000000007ffeffff] usable
[    0.000000] BIOS-e820: [mem 0x000000007fff0000-0x000000007fffffff] ACPI data
[    0.000000] BIOS-e820: [mem 0x00000000fec00000-0x00000000fec00fff] reserved
[    0.000000] BIOS-e820: [mem 0x00000000fee00000-0x00000000fee00fff] reserved
[    0.000000] BIOS-e820: [mem 0x00000000fffc0000-0x00000000ffffffff] reserved
[    0.000000] NX (Execute Disable) protection: active
[    0.000000] SMBIOS 2.5 present.
[    0.000000] DMI: innotek GmbH VirtualBox/VirtualBox, BIOS VirtualBox 12/01/2006
[    0.000000] Hypervisor detected: KVM
[    0.000000] e820: last_pfn = 0x7fff0 max_arch_pfn = 0x400000000
[    0.000000] MTRR: Disabled
[    0.000000] x86/PAT: MTRRs disabled, skipping PAT initialization too.
[    0.000000] CPU MTRRs all blank - virtualized system.
[    0.000000] x86/PAT: Configuration [0-7]: WB  WT  UC- UC  WB  WT  UC- UC  
[    0.000000] found SMP MP-table at [mem 0x0009fff0-0x0009ffff]
[    0.000000] Scanning 1 areas for low memory corruption
[    0.000000] RAMDISK: [mem 0x359c7000-0x36cdafff]
[    0.000000] ACPI: Early table checksum verification disabled
[    0.000000] ACPI: RSDP 0x00000000000E0000 000024 (v02 VBOX  )
[    0.000000] ACPI: XSDT 0x000000007FFF0030 00003C (v01 VBOX   VBOXXSDT 00000001 ASL  00000061)
[    0.000000] ACPI: FACP 0x000000007FFF00F0 0000F4 (v04 VBOX   VBOXFACP 00000001 ASL  00000061)
[    0.000000] ACPI: DSDT 0x000000007FFF0470 002325 (v02 VBOX   VBOXBIOS 00000002 INTL 20100528)
[    0.000000] ACPI: FACS 0x000000007FFF0200 000040
[    0.000000] ACPI: FACS 0x000000007FFF0200 000040
[    0.000000] ACPI: APIC 0x000000007FFF0240 000054 (v02 VBOX   VBOXAPIC 00000001 ASL  00000061)
[    0.000000] ACPI: SSDT 0x000000007FFF02A0 0001CC (v01 VBOX   VBOXCPUT 00000002 INTL 20100528)
[    0.000000] ACPI: Reserving FACP table memory at [mem 0x7fff00f0-0x7fff01e3]
[    0.000000] ACPI: Reserving DSDT table memory at [mem 0x7fff0470-0x7fff2794]
[    0.000000] ACPI: Reserving FACS table memory at [mem 0x7fff0200-0x7fff023f]
[    0.000000] ACPI: Reserving FACS table memory at [mem 0x7fff0200-0x7fff023f]
[    0.000000] ACPI: Reserving APIC table memory at [mem 0x7fff0240-0x7fff0293]
[    0.000000] ACPI: Reserving SSDT table memory at [mem 0x7fff02a0-0x7fff046b]
[    0.000000] No NUMA configuration found
[    0.000000] Faking a node at [mem 0x0000000000000000-0x000000007ffeffff]
[    0.000000] NODE_DATA(0) allocated [mem 0x7ffc5000-0x7ffeffff]
[    0.000000] kvm-clock: cpu 0, msr 0:7ff44001, primary cpu clock
[    0.000000] kvm-clock: Using msrs 4b564d01 and 4b564d00
[    0.000000] kvm-clock: using sched offset of 5315140602 cycles
[    0.000000] clocksource: kvm-clock: mask: 0xffffffffffffffff max_cycles: 0x1cd42e4dffb, max_idle_ns: 881590591483 ns
[    0.000000] Zone ranges:
[    0.000000]   DMA      [mem 0x0000000000001000-0x0000000000ffffff]
[    0.000000]   DMA32    [mem 0x0000000001000000-0x000000007ffeffff]
[    0.000000]   Normal   empty
[    0.000000]   Device   empty
[    0.000000] Movable zone start for each node
[    0.000000] Early memory node ranges
[    0.000000]   node   0: [mem 0x0000000000001000-0x000000000009efff]
[    0.000000]   node   0: [mem 0x0000000000100000-0x000000007ffeffff]
[    0.000000] Reserved but unavailable: 104 pages
[    0.000000] Initmem setup node 0 [mem 0x0000000000001000-0x000000007ffeffff]
[    0.000000] ACPI: PM-Timer IO Port: 0x4008
[    0.000000] IOAPIC[0]: apic_id 1, version 32, address 0xfec00000, GSI 0-23
[    0.000000] ACPI: INT_SRC_OVR (bus 0 bus_irq 0 global_irq 2 dfl dfl)
[    0.000000] ACPI: INT_SRC_OVR (bus 0 bus_irq 9 global_irq 9 low level)
[    0.000000] Using ACPI (MADT) for SMP configuration information
[    0.000000] smpboot: Allowing 1 CPUs, 0 hotplug CPUs
[    0.000000] PM: Registered nosave memory: [mem 0x00000000-0x00000fff]
[    0.000000] PM: Registered nosave memory: [mem 0x0009f000-0x0009ffff]
[    0.000000] PM: Registered nosave memory: [mem 0x000a0000-0x000effff]
[    0.000000] PM: Registered nosave memory: [mem 0x000f0000-0x000fffff]
[    0.000000] e820: [mem 0x80000000-0xfebfffff] available for PCI devices
[    0.000000] Booting paravirtualized kernel on KVM
[    0.000000] clocksource: refined-jiffies: mask: 0xffffffff max_cycles: 0xffffffff, max_idle_ns: 7645519600211568 ns
[    0.000000] random: get_random_bytes called from start_kernel+0x99/0x500 with crng_init=0
[    0.000000] setup_percpu: NR_CPUS:8192 nr_cpumask_bits:1 nr_cpu_ids:1 nr_node_ids:1
[    0.000000] percpu: Embedded 45 pages/cpu s147456 r8192 d28672 u2097152
[    0.000000] PV qspinlock hash table entries: 256 (order: 0, 4096 bytes)
[    0.000000] Built 1 zonelists, mobility grouping on.  Total pages: 515961
[    0.000000] Policy zone: DMA32
[    0.000000] Kernel command line: BOOT_IMAGE=/boot/vmlinuz-4.15.0-166-generic root=LABEL=cloudimg-rootfs ro console=tty1 console=ttyS0
[    0.000000] Memory: 2015072K/2096696K available (12300K kernel code, 2483K rwdata, 4320K rodata, 2448K init, 2724K bss, 81624K reserved, 0K cma-reserved)
[    0.000000] SLUB: HWalign=64, Order=0-3, MinObjects=0, CPUs=1, Nodes=1
[    0.000000] Kernel/User page tables isolation: enabled
[    0.000000] ftrace: allocating 39491 entries in 155 pages
[    0.004000] Hierarchical RCU implementation.
[    0.004000] 	RCU restricting CPUs from NR_CPUS=8192 to nr_cpu_ids=1.
[    0.004000] 	Tasks RCU enabled.
[    0.004000] RCU: Adjusting geometry for rcu_fanout_leaf=16, nr_cpu_ids=1
[    0.004000] NR_IRQS: 524544, nr_irqs: 256, preallocated irqs: 16
[    0.004000] Console: colour VGA+ 80x25
[    0.004000] console [tty1] enabled
[    0.004000] console [ttyS0] enabled
[    0.004000] ACPI: Core revision 20170831
[    0.004000] ACPI: 2 ACPI AML tables successfully acquired and loaded
[    0.004000] APIC: Switch to symmetric I/O mode setup
[    0.008000] ..TIMER: vector=0x30 apic1=0 pin1=2 apic2=-1 pin2=-1
[    0.008005] tsc: Detected 3198.144 MHz processor
[    0.012012] Calibrating delay loop (skipped) preset value.. 6396.28 BogoMIPS (lpj=12792576)
[    0.016008] pid_max: default: 32768 minimum: 301
[    0.020077] Security Framework initialized
[    0.024008] Yama: becoming mindful.
[    0.032042] AppArmor: AppArmor initialized
[    0.048262] Dentry cache hash table entries: 262144 (order: 9, 2097152 bytes)
[    0.061095] Inode-cache hash table entries: 131072 (order: 8, 1048576 bytes)
[    0.064201] Mount-cache hash table entries: 4096 (order: 3, 32768 bytes)
[    0.068170] Mountpoint-cache hash table entries: 4096 (order: 3, 32768 bytes)
[    0.076600] Last level iTLB entries: 4KB 1024, 2MB 1024, 4MB 1024
[    0.080004] Last level dTLB entries: 4KB 1024, 2MB 1024, 4MB 1024, 1GB 4
[    0.084018] Spectre V1 : Mitigation: usercopy/swapgs barriers and __user pointer sanitization
[    0.088007] Spectre V2 : Mitigation: Full generic retpoline
[    0.092003] Spectre V2 : Spectre v2 / SpectreRSB mitigation: Filling RSB on context switch
[    0.096007] Speculative Store Bypass: Vulnerable
[    0.100047] MDS: Mitigation: Clear CPU buffers
[    0.112022] Freeing SMP alternatives memory: 36K
[    0.232005] APIC calibration not consistent with PM-Timer: 102ms instead of 100ms
[    0.236000] APIC delta adjusted to PM-Timer: 6312694 (6500371)
[    0.236485] smpboot: CPU0: Intel(R) Core(TM) i5-4570 CPU @ 3.20GHz (family: 0x6, model: 0x3c, stepping: 0x3)
[    0.240592] Performance Events: unsupported p6 CPU model 60 no PMU driver, software events only.
[    0.244135] Hierarchical SRCU implementation.
[    0.248873] NMI watchdog: Perf event create on CPU 0 failed with -2
[    0.252006] NMI watchdog: Perf NMI watchdog permanently disabled
[    0.256428] smp: Bringing up secondary CPUs ...
[    0.260003] smp: Brought up 1 node, 1 CPU
[    0.264007] smpboot: Max logical packages: 1
[    0.268087] smpboot: Total of 1 processors activated (6396.28 BogoMIPS)
[    0.272392] devtmpfs: initialized
[    0.276116] x86/mm: Memory block size: 128MB
[    0.280685] evm: security.selinux
[    0.284005] evm: security.SMACK64
[    0.288003] evm: security.SMACK64EXEC
[    0.292003] evm: security.SMACK64TRANSMUTE
[    0.296003] evm: security.SMACK64MMAP
[    0.300002] evm: security.apparmor
[    0.304003] evm: security.ima
[    0.307575] evm: security.capability
[    0.312237] clocksource: jiffies: mask: 0xffffffff max_cycles: 0xffffffff, max_idle_ns: 7645041785100000 ns
[    0.316010] futex hash table entries: 256 (order: 2, 16384 bytes)
[    0.324032] pinctrl core: initialized pinctrl subsystem
[    0.328501] RTC time: 13:29:57, date: 01/23/22
[    0.332500] NET: Registered protocol family 16
[    0.336190] audit: initializing netlink subsys (disabled)
[    0.340678] cpuidle: using governor ladder
[    0.344005] audit: type=2000 audit(1642944604.031:1): state=initialized audit_enabled=0 res=1
[    0.348005] cpuidle: using governor menu
[    0.352112] ACPI: bus type PCI registered
[    0.356004] acpiphp: ACPI Hot Plug PCI Controller Driver version: 0.5
[    0.360823] PCI: Using configuration type 1 for base access
[    0.366372] HugeTLB registered 2.00 MiB page size, pre-allocated 0 pages
[    0.372077] ACPI: Added _OSI(Module Device)
[    0.376013] ACPI: Added _OSI(Processor Device)
[    0.380004] ACPI: Added _OSI(3.0 _SCP Extensions)
[    0.384003] ACPI: Added _OSI(Processor Aggregator Device)
[    0.388016] ACPI: Added _OSI(Linux-Dell-Video)
[    0.392004] ACPI: Added _OSI(Linux-Lenovo-NV-HDMI-Audio)
[    0.396005] ACPI: Added _OSI(Linux-HPI-Hybrid-Graphics)
[    0.401032] ACPI: Executed 1 blocks of module-level executable AML code
[    0.409662] ACPI: Interpreter enabled
[    0.412017] ACPI: (supports S0 S5)
[    0.416004] ACPI: Using IOAPIC for interrupt routing
[    0.420573] PCI: Using host bridge windows from ACPI; if necessary, use "pci=nocrs" and report a bug
[    0.424323] ACPI: Enabled 2 GPEs in block 00 to 07
[    0.440371] ACPI: PCI Root Bridge [PCI0] (domain 0000 [bus 00-ff])
[    0.444019] acpi PNP0A03:00: _OSC: OS supports [ASPM ClockPM Segments MSI]
[    0.448931] acpi PNP0A03:00: _OSC: not requesting OS control; OS requires [ExtendedConfig ASPM ClockPM MSI]
[    0.452013] acpi PNP0A03:00: fail to add MMCONFIG information, can't access extended PCI configuration space under this bridge.
[    0.460660] PCI host bridge to bus 0000:00
[    0.464010] pci_bus 0000:00: root bus resource [io  0x0000-0x0cf7 window]
[    0.468010] pci_bus 0000:00: root bus resource [io  0x0d00-0xffff window]
[    0.472005] pci_bus 0000:00: root bus resource [mem 0x000a0000-0x000bffff window]
[    0.476011] pci_bus 0000:00: root bus resource [mem 0x80000000-0xfdffffff window]
[    0.480010] pci_bus 0000:00: root bus resource [bus 00-ff]
[    0.494379] pci 0000:00:01.1: legacy IDE quirk: reg 0x10: [io  0x01f0-0x01f7]
[    0.496008] pci 0000:00:01.1: legacy IDE quirk: reg 0x14: [io  0x03f6]
[    0.500023] pci 0000:00:01.1: legacy IDE quirk: reg 0x18: [io  0x0170-0x0177]
[    0.504025] pci 0000:00:01.1: legacy IDE quirk: reg 0x1c: [io  0x0376]
[    0.589194] pci 0000:00:07.0: quirk: [io  0x4000-0x403f] claimed by PIIX4 ACPI
[    0.592060] pci 0000:00:07.0: quirk: [io  0x4100-0x410f] claimed by PIIX4 SMB
[    0.613660] ACPI: PCI Interrupt Link [LNKA] (IRQs 5 9 10 *11)
[    0.620323] ACPI: PCI Interrupt Link [LNKB] (IRQs 5 9 *10 11)
[    0.624242] ACPI: PCI Interrupt Link [LNKC] (IRQs 5 *9 10 11)
[    0.632252] ACPI: PCI Interrupt Link [LNKD] (IRQs 5 9 10 *11)
[    0.640902] SCSI subsystem initialized
[    0.644319] pci 0000:00:02.0: vgaarb: setting as boot VGA device
[    0.648000] pci 0000:00:02.0: vgaarb: VGA device added: decodes=io+mem,owns=io+mem,locks=none
[    0.648010] pci 0000:00:02.0: vgaarb: bridge control possible
[    0.652005] vgaarb: loaded
[    0.656111] ACPI: bus type USB registered
[    0.664046] usbcore: registered new interface driver usbfs
[    0.668059] usbcore: registered new interface driver hub
[    0.672017] usbcore: registered new device driver usb
[    0.676230] EDAC MC: Ver: 3.0.0
[    0.681033] PCI: Using ACPI for IRQ routing
[    0.688792] NetLabel: Initializing
[    0.692007] NetLabel:  domain hash size = 128
[    0.696003] NetLabel:  protocols = UNLABELED CIPSOv4 CALIPSO
[    0.700184] NetLabel:  unlabeled traffic allowed by default
[    0.704261] clocksource: Switched to clocksource kvm-clock
[    0.782061] VFS: Disk quotas dquot_6.6.0
[    0.786455] VFS: Dquot-cache hash table entries: 512 (order 0, 4096 bytes)
[    0.793677] AppArmor: AppArmor Filesystem Enabled
[    0.798606] pnp: PnP ACPI init
[    0.803964] pnp: PnP ACPI: found 3 devices
[    0.817331] clocksource: acpi_pm: mask: 0xffffff max_cycles: 0xffffff, max_idle_ns: 2085701024 ns
[    0.826566] NET: Registered protocol family 2
[    0.833026] IP idents hash table entries: 32768 (order: 6, 262144 bytes)
[    0.840818] TCP established hash table entries: 16384 (order: 5, 131072 bytes)
[    0.850251] TCP bind hash table entries: 16384 (order: 6, 262144 bytes)
[    0.858639] TCP: Hash tables configured (established 16384 bind 16384)
[    0.866064] UDP hash table entries: 1024 (order: 3, 32768 bytes)
[    0.873504] UDP-Lite hash table entries: 1024 (order: 3, 32768 bytes)
[    0.881132] NET: Registered protocol family 1
[    0.885617] pci 0000:00:00.0: Limiting direct PCI/PCI transfers
[    0.891822] pci 0000:00:01.0: Activating ISA DMA hang workarounds
[    0.898248] pci 0000:00:02.0: Video device with shadowed ROM at [mem 0x000c0000-0x000dffff]
[    0.907169] Unpacking initramfs...
[    1.503151] Freeing initrd memory: 19536K
[    1.527618] clocksource: tsc: mask: 0xffffffffffffffff max_cycles: 0x2e1970926f1, max_idle_ns: 440795292285 ns
[    1.540265] platform rtc_cmos: registered platform RTC device (no PNP device found)
[    1.548122] Scanning for low memory corruption every 60 seconds
[    1.554914] Initialise system trusted keyrings
[    1.559712] Key type blacklist registered
[    1.564786] workingset: timestamp_bits=36 max_order=19 bucket_order=0
[    1.574562] zbud: loaded
[    1.578753] squashfs: version 4.0 (2009/01/31) Phillip Lougher
[    1.585728] fuse init (API version 7.26)
[    1.593634] Key type asymmetric registered
[    1.597840] Asymmetric key parser 'x509' registered
[    1.603006] Block layer SCSI generic (bsg) driver version 0.4 loaded (major 246)
[    1.610420] io scheduler noop registered
[    1.614467] io scheduler deadline registered
[    1.619082] io scheduler cfq registered (default)
[    1.624848] ACPI: AC Adapter [AC] (on-line)
[    1.629243] input: Power Button as /devices/LNXSYSTM:00/LNXPWRBN:00/input/input0
[    1.636492] ACPI: Power Button [PWRF]
[    1.640643] input: Sleep Button as /devices/LNXSYSTM:00/LNXSLPBN:00/input/input1
[    1.648004] ACPI: Sleep Button [SLPF]
[    1.654193] virtio-pci 0000:00:03.0: virtio_pci: leaving for legacy driver
[    1.661608] Serial: 8250/16550 driver, 32 ports, IRQ sharing enabled
[    1.701061] 00:02: ttyS0 at I/O 0x3f8 (irq = 4, base_baud = 115200) is a 16550A
[    1.713042] Linux agpgart interface v0.103
[    1.726467] loop: module loaded
[    1.732818] scsi host0: ata_piix
[    1.737075] scsi host1: ata_piix
[    1.740782] ata1: PATA max UDMA/33 cmd 0x1f0 ctl 0x3f6 bmdma 0xd000 irq 14
[    1.748355] ata2: PATA max UDMA/33 cmd 0x170 ctl 0x376 bmdma 0xd008 irq 15
[    1.757377] libphy: Fixed MDIO Bus: probed
[    1.761661] tun: Universal TUN/TAP device driver, 1.6
[    1.767745] PPP generic driver version 2.4.2
[    1.772302] ehci_hcd: USB 2.0 'Enhanced' Host Controller (EHCI) Driver
[    1.780497] ehci-pci: EHCI PCI platform driver
[    1.785770] ehci-platform: EHCI generic platform driver
[    1.791232] ohci_hcd: USB 1.1 'Open' Host Controller (OHCI) Driver
[    1.797563] ohci-pci: OHCI PCI platform driver
[    1.802131] ohci-platform: OHCI generic platform driver
[    1.807898] uhci_hcd: USB Universal Host Controller Interface driver
[    1.815142] i8042: PNP: PS/2 Controller [PNP0303:PS2K,PNP0f03:PS2M] at 0x60,0x64 irq 1,12
[    1.827538] serio: i8042 KBD port at 0x60,0x64 irq 1
[    1.833210] serio: i8042 AUX port at 0x60,0x64 irq 12
[    1.839030] mousedev: PS/2 mouse device common for all mice
[    1.847583] input: AT Translated Set 2 keyboard as /devices/platform/i8042/serio0/input/input2
[    1.858079] rtc_cmos rtc_cmos: rtc core: registered rtc_cmos as rtc0
[    1.866081] rtc_cmos rtc_cmos: alarms up to one day, 114 bytes nvram
[    1.872815] i2c /dev entries driver
[    1.877079] device-mapper: uevent: version 1.0.3
[    1.882228] device-mapper: ioctl: 4.37.0-ioctl (2017-09-20) initialised: dm-devel@redhat.com
[    1.890417] ledtrig-cpu: registered to indicate activity on CPUs
[    1.896866] NET: Registered protocol family 10
[    1.906578] Segment Routing with IPv6
[    1.910450] NET: Registered protocol family 17
[    1.915084] Key type dns_resolver registered
[    1.982492] mce: Using 0 MCE banks
[    1.986580] RAS: Correctable Errors collector initialized.
[    1.992072] sched_clock: Marking stable (1992025908, 0)->(3387186636, -1395160728)
[    2.000301] registered taskstats version 1
[    2.005101] Loading compiled-in X.509 certificates
[    2.013204] Loaded X.509 cert 'Build time autogenerated kernel key: 408b96eb428cbe545a63e9a677d083d5c6df802b'
[    2.023636] Loaded X.509 cert 'Canonical Ltd. Live Patch Signing: 14df34d1a87cf37625abec039ef2bf521249b969'
[    2.035053] Loaded X.509 cert 'Canonical Ltd. Kernel Module Signing: 88f752e560a1e0737e31163a466ad7b70a850c19'
[    2.045300] blacklist: Loading compiled-in revocation X.509 certificates
[    2.052385] Loaded X.509 cert 'Canonical Ltd. Secure Boot Signing: 61482aa2830d0ab2ad5af10b7250da9033ddcef0'
[    2.062739] zswap: loaded using pool lzo/zbud
[    2.072615] Key type big_key registered
[    2.076894] Key type trusted registered
[    2.083324] Key type encrypted registered
[    2.087834] AppArmor: AppArmor sha1 policy hashing enabled
[    2.094364] ima: No TPM chip found, activating TPM-bypass! (rc=-19)
[    2.100885] ima: Allocated hash algorithm: sha1
[    2.105725] evm: HMAC attrs: 0x1
[    2.109714]   Magic number: 6:3:484
[    2.113700] rtc_cmos rtc_cmos: setting system clock to 2022-01-23 13:29:59 UTC (1642944599)
[    2.122009] BIOS EDD facility v0.16 2004-Jun-25, 0 devices found
[    2.128801] EDD information not available.
[    2.135979] Freeing unused kernel image memory: 2448K
[    2.148228] Write protecting the kernel read-only data: 20480k
[    2.155289] Freeing unused kernel image memory: 2008K
[    2.161075] Freeing unused kernel image memory: 1824K
[    2.171912] x86/mm: Checked W+X mappings: passed, no W+X pages found.
[    2.178667] x86/mm: Checking user space page tables
[    2.189291] x86/mm: Checked W+X mappings: passed, no W+X pages found.
Loading, please wait...
starting version 237
[    2.338991] Fusion MPT base driver 3.04.20
[    2.344211] Copyright (c) 1999-2008 LSI Corporation
[    2.416622] Fusion MPT SPI Host driver 3.04.20
[    2.433359] virtio_net virtio0 enp0s3: renamed from eth0
[    2.445171] mptbase: ioc0: Initiating bringup
[    2.551096] ioc0: LSI53C1030 A0: Capabilities={Initiator}
[    2.601003] input: ImExPS/2 Generic Explorer Mouse as /devices/platform/i8042/serio1/input/input4
[    2.831461] random: fast init done
[    2.840497] scsi host2: ioc0: LSI53C1030 A0, FwRev=00000000h, Ports=1, MaxQ=256, IRQ=20
[    2.850566] random: systemd-udevd: uninitialized urandom read (16 bytes read)
[    2.857900] random: systemd-udevd: uninitialized urandom read (16 bytes read)
[    2.865196] random: systemd-udevd: uninitialized urandom read (16 bytes read)
[    3.029541] scsi 2:0:0:0: Direct-Access     VBOX     HARDDISK         1.0  PQ: 0 ANSI: 5
[    3.038684] scsi target2:0:0: Beginning Domain Validation
[    3.050811] scsi target2:0:0: Domain Validation skipping write tests
[    3.057385] scsi target2:0:0: Ending Domain Validation
[    3.063578] scsi target2:0:0: asynchronous
[    3.070209] scsi 2:0:1:0: Direct-Access     VBOX     HARDDISK         1.0  PQ: 0 ANSI: 5
[    3.078449] scsi target2:0:1: Beginning Domain Validation
[    3.094208] scsi target2:0:1: Domain Validation skipping write tests
[    3.101075] scsi target2:0:1: Ending Domain Validation
[    3.106578] scsi target2:0:1: asynchronous
[    3.125766] sd 2:0:0:0: [sda] 83886080 512-byte logical blocks: (42.9 GB/40.0 GiB)
[    3.134058] sd 2:0:0:0: Attached scsi generic sg0 type 0
[    3.141481] sd 2:0:1:0: [sdb] 20480 512-byte logical blocks: (10.5 MB/10.0 MiB)
[    3.148955] sd 2:0:1:0: Attached scsi generic sg1 type 0
[    3.154758] sd 2:0:0:0: [sda] Write Protect is off
[    3.160608] sd 2:0:0:0: [sda] Incomplete mode parameter data
[    3.166284] sd 2:0:0:0: [sda] Assuming drive cache: write through
[    3.172683] sd 2:0:1:0: [sdb] Write Protect is off
[    3.179092] sd 2:0:1:0: [sdb] Incomplete mode parameter data
[    3.184920] sd 2:0:1:0: [sdb] Assuming drive cache: write through
[    3.196538]  sda: sda1
[    3.206172] sd 2:0:1:0: [sdb] Attached SCSI disk
[    3.211916] sd 2:0:0:0: [sda] Attached SCSI disk
Begin: Loading essential drivers ... [    5.524575] raid6: sse2x1   gen() 11917 MB/s
[    5.588106] raid6: sse2x1   xor()  6733 MB/s
[    5.641590] raid6: sse2x2   gen() 12028 MB/s
[    5.696086] raid6: sse2x2   xor()  7883 MB/s
[    5.748679] raid6: sse2x4   gen() 14259 MB/s
[    5.804171] raid6: sse2x4   xor()  8559 MB/s
[    5.808867] raid6: using algorithm sse2x4 gen() 14259 MB/s
[    5.815397] raid6: .... xor() 8559 MB/s, rmw enabled
[    5.820542] raid6: using ssse3x2 recovery algorithm
[    5.827567] xor: measuring software checksum speed
[    5.944125]    prefetch64-sse: 53111.000 MB/sec
[    6.048906]    generic_sse: 49580.000 MB/sec
[    6.053637] xor: using function: prefetch64-sse (53111.000 MB/sec)
[    6.062212] async_tx: api initialized (async)
done.
Begin: Running /scripts/init-premount ... done.
Begin: Mounting root file system ... Begin: Running /scripts/local-top ... done.
Begin: Running /scripts/local-premount ... [    6.145762] Btrfs loaded, crc32c=crc32c-intel
Scanning for Btrfs filesystems
done.
Warning: fsck not present, so skipping root file system
[    6.211797] EXT4-fs (sda1): mounted filesystem with ordered data mode. Opts: (null)
done.
Begin: Running /scripts/local-bottom ... done.
Begin: Running /scripts/init-bottom ... done.
[    6.486882] ip_tables: (C) 2000-2006 Netfilter Core Team
[    6.514470] systemd[1]: systemd 237 running in system mode. (+PAM +AUDIT +SELINUX +IMA +APPARMOR +SMACK +SYSVINIT +UTMP +LIBCRYPTSETUP +GCRYPT +GNUTLS +ACL +XZ +LZ4 +SECCOMP +BLKID +ELFUTILS +KMOD -IDN2 +IDN -PCRE2 default-hierarchy=hybrid)
[    6.540274] systemd[1]: Detected virtualization oracle.
[    6.546167] systemd[1]: Detected architecture x86-64.

Welcome to [1mUbuntu 18.04.6 LTS[0m!

[    6.565451] systemd[1]: Set hostname to <ubuntu>.
[    6.582351] systemd[1]: Initializing machine ID from random generator.
[    6.588707] systemd[1]: Installed transient /etc/machine-id file.
[    7.014606] systemd[1]: Started Forward Password Requests to Wall Directory Watch.
[[0;32m  OK  [0m] Started Forward Password Requests to Wall Directory Watch.
[    7.027572] systemd[1]: Reached target System Time Synchronized.
[[0;32m  OK  [0m] Reached target System Time Synchronized.
[    7.039332] systemd[1]: Reached target User and Group Name Lookups.
[[0;32m  OK  [0m] Reached target User and Group Name Lookups.
[    7.050770] systemd[1]: Set up automount Arbitrary Executable File Formats File System Automount Point.
[[0;32m  OK  [0m] Set up automount Arbitrary Executab…rmats File System Automount Point.
[[0;32m  OK  [0m] Reached target Swap.
[[0;32m  OK  [0m] Created slice System Slice.
[[0;32m  OK  [0m] Listening on /dev/initctl Compatibility Named Pipe.
[[0;32m  OK  [0m] Listening on Journal Audit Socket.
[[0;32m  OK  [0m] Listening on LVM2 poll daemon socket.
[[0;32m  OK  [0m] Listening on Journal Socket.
         Mounting Huge Pages File System...
         Mounting POSIX Message Queue File System...
         Starting Uncomplicated firewall...
[[0;32m  OK  [0m] Created slice system-serial\x2dgetty.slice.
[[0;32m  OK  [0m] Listening on Network Service Netlink Socket.
[[0;32m  OK  [0m] Created slice User and Session Slice.
[[0;32m  OK  [0m] Listening on udev Control Socket.
         Starting Create list of required st…ce nodes for the current kernel...
         Mounting Kernel Debug File System...
         Starting Set the console keyboard layout...
[[0;32m  OK  [0m] Listening on Device-mapper event daemon FIFOs.
[[0;32m  OK  [0m] Listening on udev Kernel Socket.
         Starting udev Coldplug all Devices...
[[0;32m  OK  [0m] Listening on fsck to fsckd communication Socket.
         Starting File System Check on Root Device...
[[0;32m  OK  [0m] Listening on LVM2 metadata daemon socket.
         Starting Monitoring of LVM2 mirrors…ng dmeventd or progress polling...
[[0;32m  OK  [0m] Listening on Journal Socket (/dev/log).
[[0;32m  OK  [0m] Listening on Syslog Socket.
         Starting Journal Service...
[[0;32m  OK  [0m] Reached target Slices.
         Starting Load Kernel Modules...
[[0;32m  OK  [0m] Mounted Huge Pages File System.
[[0;32m  OK  [0m] Mounted POSIX Message Queue File System.
[[0;32m  OK  [0m] Started Uncomplicated firewall.
[[0;32m  OK  [0m] Started Create list of required sta…vice nodes for the current kernel.
[[0;32m  OK  [0m] Mounted Kernel Debug File System.
[[0;32m  OK  [0m] Started LVM2 metadata daemon.
[[0;32m  OK  [0m] Started File System Check Daemon to report status.
         Starting Create Static Device Nodes in /dev...
[[0;32m  OK  [0m] Started File System Check on Root Device.
         Starting Remount Root and Kernel File Systems...
[[0;32m  OK  [0m] Started udev Coldplug all Devices.
[[0;32m  OK  [0m] Started Create Static Device Nodes in /dev.
[    7.465687] Loading iSCSI transport class v2.0-870.
[    7.476741] iscsi: registered transport (tcp)
[    7.501705] iscsi: registered transport (iser)
[[0;32m  OK  [0m] Started Load Kernel Modules.
         Mounting FUSE Control File System...
         Starting Apply Kernel Variables...
         Mounting Kernel Configuration File System...
[[0;32m  OK  [0m] Started Monitoring of LVM2 mirrors,…sing dmeventd or progress polling.
[[0;32m  OK  [0m] Mounted Kernel Configuration File System.
[[0;32m  OK  [0m] Mounted FUSE Control File System.
[[0;32m  OK  [0m] Started Apply Kernel Variables.
[[0;32m  OK  [0m] Started Remount Root and Kernel File Systems.
[[0;32m  OK  [0m] Started Journal Service.
         Starting Flush Journal to Persistent Storage...
         Starting Load/Save Random Seed...
         Starting udev Kernel Device Manager...
[[0;32m  OK  [0m] Started Load/Save Random Seed.
[[0;32m  OK  [0m] Started udev Kernel Device Manager.
[[0;32m  OK  [0m] Started Flush Journal to Persistent Storage.
[[0;32m  OK  [0m] Found device /dev/ttyS0.
[[0;32m  OK  [0m] Listening on Load/Save RF Kill Switch Status /dev/rfkill Watch.
[[0;32m  OK  [0m] Started Set the console keyboard layout.
[[0;32m  OK  [0m] Started Dispatch Password Requests to Console Directory Watch.
[[0;32m  OK  [0m] Reached target Local Encrypted Volumes.
[[0;32m  OK  [0m] Reached target Local File Systems (Pre).
[[0;32m  OK  [0m] Reached target Local File Systems.
         Starting Set console font and keymap...
         Starting Create Volatile Files and Directories...
         Starting Commit a transient machine-id on disk...
         Starting ebtables ruleset management...
         Starting AppArmor initialization...
         Starting Tell Plymouth To Write Out Runtime Data...
[[0;32m  OK  [0m] Started Commit a transient machine-id on disk.
[[0;32m  OK  [0m] Started Create Volatile Files and Directories.
         Starting Update UTMP about System Boot/Shutdown...
[[0;32m  OK  [0m] Started Tell Plymouth To Write Out Runtime Data.
[[0;32m  OK  [0m] Started Update UTMP about System Boot/Shutdown.
[[0;32m  OK  [0m] Started ebtables ruleset management.
[[0;32m  OK  [0m] Started AppArmor initialization.
         Starting Load AppArmor profiles managed internally by snapd...
         Starting Initial cloud-init job (pre-networking)...
[[0;32m  OK  [0m] Started Load AppArmor profiles managed internally by snapd.
[[0;32m  OK  [0m] Started Set console font and keymap.
[   14.150294] cloud-init[760]: Cloud-init v. 21.4-0ubuntu1~18.04.1 running 'init-local' at Sun, 23 Jan 2022 13:30:11 +0000. Up 13.72 seconds.
[[0;32m  OK  [0m] Started Initial cloud-init job (pre-networking).
[[0;32m  OK  [0m] Reached target Network (Pre).
         Starting Network Service...
[[0;32m  OK  [0m] Started Network Service.
         Starting Wait for Network to be Configured...
         Starting Network Name Resolution...
[[0;32m  OK  [0m] Started Network Name Resolution.
[[0;32m  OK  [0m] Reached target Host and Network Name Lookups.
[[0;32m  OK  [0m] Reached target Network.
[[0;32m  OK  [0m] Started Wait for Network to be Configured.
         Starting Initial cloud-init job (metadata service crawler)...
[   16.314958] cloud-init[874]: Cloud-init v. 21.4-0ubuntu1~18.04.1 running 'init' at Sun, 23 Jan 2022 13:30:13 +0000. Up 16.15 seconds.
[   16.328830] cloud-init[874]: ci-info: ++++++++++++++++++++++++++++++++++++++Net device info++++++++++++++++++++++++++++++++++++++
[   16.343654] cloud-init[874]: ci-info: +--------+------+----------------------------+---------------+--------+-------------------+
[   16.358179] cloud-init[874]: ci-info: | Device |  Up  |          Address           |      Mask     | Scope  |     Hw-Address    |
[   16.374377] cloud-init[874]: ci-info: +--------+------+----------------------------+---------------+--------+-------------------+
[   16.388927] cloud-init[874]: ci-info: | enp0s3 | True |         10.0.2.15          | 255.255.255.0 | global | 02:8d:1f:db:13:bf |
[   16.406424] cloud-init[874]: ci-info: | enp0s3 | True | fe80::8d:1fff:fedb:13bf/64 |       .       |  link  | 02:8d:1f:db:13:bf |
[   16.420222] cloud-init[874]: ci-info: |   lo   | True |         127.0.0.1          |   255.0.0.0   |  host  |         .         |
[   16.430090] cloud-init[874]: ci-info: |   lo   | True |          ::1/128           |       .       |  host  |         .         |
[   16.446204] cloud-init[874]: ci-info: +--------+------+----------------------------+---------------+--------+-------------------+
[   16.460861] cloud-init[874]: ci-info: ++++++++++++++++++++++++++++Route IPv4 info+++++++++++++++++++++++++++++
[   16.476023] cloud-init[874]: ci-info: +-------+-------------+----------+-----------------+-----------+-------+
[   16.485041] cloud-init[874]: ci-info: | Route | Destination | Gateway  |     Genmask     | Interface | Flags |
[   16.493778] cloud-init[874]: ci-info: +-------+-------------+----------+-----------------+-----------+-------+
[   16.509054] cloud-init[874]: ci-info: |   0   |   0.0.0.0   | 10.0.2.2 |     0.0.0.0     |   enp0s3  |   UG  |
[   16.527014] cloud-init[874]: ci-info: |   1   |   10.0.2.0  | 0.0.0.0  |  255.255.255.0  |   enp0s3  |   U   |
[   16.546230] cloud-init[874]: ci-info: |   2   |   10.0.2.2  | 0.0.0.0  | 255.255.255.255 |   enp0s3  |   UH  |
[   16.557443] cloud-init[874]: ci-info: +-------+-------------+----------+-----------------+-----------+-------+
[   16.574786] cloud-init[874]: ci-info: +++++++++++++++++++Route IPv6 info+++++++++++++++++++
[   16.592430] cloud-init[874]: ci-info: +-------+-------------+---------+-----------+-------+
[   16.600684] cloud-init[874]: ci-info: | Route | Destination | Gateway | Interface | Flags |
[   16.627540] cloud-init[874]: ci-info: +-------+-------------+---------+-----------+-------+
[   16.645233] cloud-init[874]: ci-info: |   1   |  fe80::/64  |    ::   |   enp0s3  |   U   |
[   16.659924] cloud-init[874]: ci-info: |   3   |    local    |    ::   |   enp0s3  |   U   |
[   16.666360] cloud-init[874]: ci-info: |   4   |   ff00::/8  |    ::   |   enp0s3  |   U   |
[   16.681530] cloud-init[874]: ci-info: +-------+-------------+---------+-----------+-------+
[   17.763911] cloud-init[874]: Generating public/private rsa key pair.
[   17.784359] cloud-init[874]: Your identification has been saved in /etc/ssh/ssh_host_rsa_key.
[   17.790522] cloud-init[874]: Your public key has been saved in /etc/ssh/ssh_host_rsa_key.pub.
[   17.815391] cloud-init[874]: The key fingerprint is:
[   17.829541] cloud-init[874]: SHA256:JyWOACWFSF31nCvEgEVpq7i33lIn6yECoHqTba9r/I4 root@ubuntu-bionic
[   17.848738] cloud-init[874]: The key's randomart image is:
[   17.853891] cloud-init[874]: +---[RSA 2048]----+
[   17.870378] cloud-init[874]: |.o++B=o.         |
[   17.881887] cloud-init[874]: |. .= oo o .      |
[   17.891676] cloud-init[874]: |.   o .o.+.      |
[   17.902507] cloud-init[874]: |o    o.o o.      |
[   17.913288] cloud-init[874]: |o . . ..S..      |
[   17.921082] [cloud-init[0;32m  OK  [0m] Started Initial cloud-init job (metadata service crawler).[874]: |o. + o ..o       |

[[0;32m  OK  [0m] Reached target Network is Online.
[   17.949560] cloud-init         Starting Availability of block devices...
[874]: [[0;32m  OK  [0m|..=o+.+          |
] Reached target Remote File Systems (Pre).
[[0;32m  OK  [0m] Reached target Remote File Systems.
[   17.980880] cloud-init[874]: | o.==+.          |[[0;32m  OK  [0m] Reached target Cloud-config availability.
[[0;32m  OK  [0m] Reached target System Initialization.

         Starting LXD - unix socket.
[   18.007034] [[0;32m  OK  [0m] Started ACPI Events Check.
[[0;32m  OK  [0m] Started Discard unused blocks once a week.cloud-init[874]: |  o+EB+          |

[   18.032130] [[0;32m  OK  [0m] Started Trigger to poll for Ubuntu …(Only enabled on GCP LTS non-pro).cloud-init[874]: +----[SHA256]-----+
[[0;32m  OK  [0m] 
[   18.052025] Started Daily apt download activities.
[[0;32m  OK  [0m] cloud-init[874]: Generating public/private dsa key pair.Started Daily apt upgrade and clean activities.
[[0;32m  OK  [0m
[   18.074012] cloud-init[874]: ] Reached target Paths.
[[0;32m  OK  [0mYour identification has been saved in /etc/ssh/ssh_host_dsa_key.
] Listening on Open-iSCSI iscsid Socket.
[   18.088506] cloud-init[874]: Your public key has been saved in /etc/ssh/ssh_host_dsa_key.pub.[[0;32m  OK  [0m] Listening on UUID daemon activation socket.

[   18.101861] cloud-init[874]:          Starting Socket activation for snappy daemon.
The key fingerprint is:
[   18.110903] [[0;32m  OK  [0m] Listening on D-Bus System Message Bus Socket.cloud-init
[[0;32m  OK  [0m] [874]: SHA256:RJojalb6nK5Do8YSkz2ZpyHus2nkiktQmOc5cRxgeIA root@ubuntu-bionic
Started Ubuntu Advantage Timer for running repeated jobs.
[[   18.136366] cloud-init[874]: The key's randomart image is:[0;32m  OK  [0m] Listening on cloud-init hotplug hook socket.

[   18.145532] cloud-init[874]: +---[DSA 1024]----+[[0;32m  OK  [0m] Listening on ACPID Listen Socket.
[
[   18.157604] cloud-init[874]: [0;32m  OK  [0m] Started Message of the Day.|ooo..   .        |
[   18.167050] cloud-init
[[0;32m  OK  [0m] [874]: |E+.. . +         |
[   18.174925] cloud-initStarted Daily Cleanup of Temporary Directories.
[[0;32m  OK  [0m[874]: |o.+ = + .        |
] Reached target Timers.
[   18.189380] cloud-init[874]: | + B . o         |[[0;32m  OK  [0m] Started Availability of block devices.
[   18.198336] cloud-init[874]: |.oOo    S        |
[   18.203009] cloud-init
[[0;32m  OK  [0m] Listening on LXD - unix socket.
[[0;32m  OK  [0m] [874]: |*+O+..           |Listening on Socket activation for snappy daemon.
[[0;32m  OK  [0m
[   18.231225] ] Reached target Sockets.
[cloud-init[874]: [0;32m  OK  [0m] Reached target Basic System.|=B *+            |
         Starting Permit User Sessions...

[   18.258696] cloud-init         Starting Login Service...
[[0;32m  OK  [0m] Started D-Bus System Message Bus.[874]: |=B+.             |

[   18.304478] cloud-init[874]: |X=+o.            |
[   18.319101] cloud-init[874]: +----[SHA256]-----+
[   18.336877] cloud-init[874]: Generating public/private ecdsa key pair.
[   18.360136] cloud-init         [874]: Starting LXD - container startup/shutdown...
Your identification has been saved in /etc/ssh/ssh_host_ecdsa_key.         Starting System Logging Service...
         Starting LSB: automatic crash report generation...

[[0;32m  OK  [0m] Started FUSE filesystem for LXC.
         [   18.437447] Starting Accounts Service...
cloud-init[[0;32m  OK  [0m] Started Deferred execution scheduler.[874]: Your public key has been saved in /etc/ssh/ssh_host_ecdsa_key.pub.

[   18.467336] cloud-init[874]: The key fingerprint is:
[   18.485687] cloud-init[874]: SHA256:h3AOJSbP7elQARsPGio1CjkZvHzqsnBlha2rC3jOtaM root@ubuntu-bionic
[   18.505631] cloud-init[874]: The key's randomart image is:
[   18.552926] cloud-init[874]: +---[ECDSA 256]---+
[   18.583157] cloud-init[874]: |++o o *.o        |
[   18.598336] cloud-init[874]: |=+ o X O .       |
[   18.621589] [[0;32m  OK  [0m] Started irqbalance daemon.
cloud-init[874]: |+.o o O =        |
[   18.648488] cloud-init[874]: | + . o B o       |
[   18.673532] cloud-init[874]:          Starting Dispatcher daemon for systemd-networkd...|  o + . S .      |

         Starting Virtualbox guest utils...
         Starting LSB: Record successful boot for GRUB...
[   18.727033] cloud-init[874]:          Starting Pollinate to seed the pseudo random number generator...
         Starting Snap Daemon...
|.. o . o .       |
[   18.791271] cloud-init[874]: |= o o   .        |
[   18.815517] cloud-init[874]: |oB o..           |
[   18.851150] cloud-init[874]: |o.Eo..           |
[   18.882139] cloud-init[874]: +----[SHA256]-----+
[   18.911666] cloud-init[874]: Generating public/private ed25519 key pair.[[0;32m  OK  [0m] Started Regular background program processing daemon.
[[0;32m  OK  [0m] Started System Logging Service.
[[0;32m  OK  [0m] Started Permit User Sessions.

[   18.985078] [[0;32m  OK  [0m] Started Login Service.
cloud-init[874]: Your identification has been saved in /etc/ssh/ssh_host_ed25519_key.
[   19.064481] cloud-init[874]: Your public key has been saved in /etc/ssh/ssh_host_ed25519_key.pub.         Starting Authorization Manager...

[[0;32m  OK  [0m] Started Unattended Upgrades Shutdown.
         Starting Terminate Plymouth Boot Screen...[   19.121007] cloud-init
         Starting Hold until boot process finishes up...
[[0;32m  OK  [0m] Started Hold until boot process finishes up.
[[0;32m  OK  [0m] Started Terminate Plymouth Boot Screen.[874]: The key fingerprint is:

[[0;32m  OK  [0m] Started Serial Getty on ttyS0.
         Starting Set console scheme...
[   19.201370] cloud-init[874]: SHA256:bxldTLmeuuk9Zx86AAezHObJ+O7MDkjTQvKsshCgUdM root@ubuntu-bionic[[0;32m  OK  [0m] Started LSB: automatic crash report generation.
[[0;32m  OK  [0m] Started LXD - container startup/shutdown.

[   19.311047] cloud-init[874]: [[0;32m  OK  [0m] Started Set console scheme.
The key's randomart image is:[[0;32m  OK  [0m] Created slice system-getty.slice.
[[0;32m  OK  [0m] Started Getty on tty1.
[[0;32m  OK  [0m] Reached target Login Prompts.
[[0;32m  OK  [0m] Started LSB: Record successful boot for GRUB.

[   19.395754] [[0;32m  OK  [0m] Started Authorization Manager.cloud-init
[[0;32m  OK  [0m] Started Accounts Service.
[874]: +--[ED25519 256]--+
[   19.459281] cloud-init[874]: |  o.          .. |
[   19.493990] cloud-init[874]: | . .E    =   o.  |
[   19.544240] cloud-init[874]: |o  . .  * *   o. |
[   19.568196] cloud-init[874]: |o.  = .. B o ..  |
[   19.606049] cloud-init[874]: |o    * .S + .. . |
[   19.645431] cloud-init[874]: | .  o +  o +  o  |
[   19.678549] cloud-init[874]: |.. . . .. + .. . |
[   19.730182] cloud-init[874]: |. o     +o  .+o +|
[   19.747536] cloud-init[874]: | .      o= .+oo+o|
[   19.786837] cloud-init[874]: +----[SHA256]-----+
[[0;32m  OK  [0m] Started Dispatcher daemon for systemd-networkd.
[[0;32m  OK  [0m] Started Virtualbox guest utils.
[[0;32m  OK  [0m] Started Snap Daemon.
         Starting Wait until snapd is fully seeded...
[[0;32m  OK  [0m] Started Pollinate to seed the pseudo random number generator.
         Starting OpenBSD Secure Shell server...
[[0;32m  OK  [0m] Started OpenBSD Secure Shell server.
[[0;32m  OK  [0m] Created slice User Slice of vagrant.
[[0;32m  OK  [0m] Started Session 1 of user vagrant.
         Starting User Manager for UID 1000...
[[0;32m  OK  [0m] Started User Manager for UID 1000.

Ubuntu 18.04.6 LTS ubuntu-bionic ttyS0

ubuntu-bionic login: [   35.773180] cloud-init[1780]: Cloud-init v. 21.4-0ubuntu1~18.04.1 running 'modules:config' at Sun, 23 Jan 2022 13:30:32 +0000. Up 34.73 seconds.
ci-info: no authorized SSH keys fingerprints found for user ubuntu.
<14>Jan 23 13:30:34 cloud-init: #############################################################
<14>Jan 23 13:30:34 cloud-init: -----BEGIN SSH HOST KEY FINGERPRINTS-----
<14>Jan 23 13:30:34 cloud-init: 1024 SHA256:RJojalb6nK5Do8YSkz2ZpyHus2nkiktQmOc5cRxgeIA root@ubuntu-bionic (DSA)
<14>Jan 23 13:30:34 cloud-init: 256 SHA256:h3AOJSbP7elQARsPGio1CjkZvHzqsnBlha2rC3jOtaM root@ubuntu-bionic (ECDSA)
<14>Jan 23 13:30:34 cloud-init: 256 SHA256:bxldTLmeuuk9Zx86AAezHObJ+O7MDkjTQvKsshCgUdM root@ubuntu-bionic (ED25519)
<14>Jan 23 13:30:34 cloud-init: 2048 SHA256:JyWOACWFSF31nCvEgEVpq7i33lIn6yECoHqTba9r/I4 root@ubuntu-bionic (RSA)
<14>Jan 23 13:30:34 cloud-init: -----END SSH HOST KEY FINGERPRINTS-----
<14>Jan 23 13:30:34 cloud-init: #############################################################
-----BEGIN SSH HOST KEY KEYS-----
ecdsa-sha2-nistp256 AAAAE2VjZHNhLXNoYTItbmlzdHAyNTYAAAAIbmlzdHAyNTYAAABBBFsoEDfEO+4qomtF0QIx8n06DTdvs7L3aWNpCMyBlxEbXjc+kMrtWqW0KtKXbAbaS9TTw2spfqAOD5iy7FxEueI= root@ubuntu-bionic
ssh-ed25519 AAAAC3NzaC1lZDI1NTE5AAAAILGckOYWhCtg/9/x/65yaku7AKJUiRY/6M1Eposc/xJy root@ubuntu-bionic
ssh-rsa AAAAB3NzaC1yc2EAAAADAQABAAABAQC+94Pg5fJrgPEZaTa5u42gL9PtAQvh+P9Wm+u5ElQkbmt7teLcF4mKeyre/p4UStCToAQyHd+3eNjaNtnAz3mWXKume6Uke3lVZvesbRbwA/NGu6hU89bOUKEp+N2F1kEH7+fFYGmZ23zPJUE8oE45+TEe5klJQ+ECNVxB4oXPVMbBFGoB9f6rkHlV8pIgBq5mF3MsdOC/JpOwRzaBu3jQpzkkDdDy6gUsqjqibWjuM2jlw2uv3UOmFPmYzih+EqfbzHnpL86+wfT/+qdPOxDSEnIePGjFWinhFl5fZZENW5U44cjGZV2E/lF3TwhDk1S6arE6navWYOi2ZWFDtqKv root@ubuntu-bionic
-----END SSH HOST KEY KEYS-----
[   37.101773] cloud-init[1977]: Cloud-init v. 21.4-0ubuntu1~18.04.1 running 'modules:final' at Sun, 23 Jan 2022 13:30:34 +0000. Up 36.78 seconds.
[   37.132580] cloud-init[1977]: ci-info: no authorized SSH keys fingerprints found for user ubuntu.
[   37.143731] cloud-init[1977]: Cloud-init v. 21.4-0ubuntu1~18.04.1 finished at Sun, 23 Jan 2022 13:30:34 +0000. Datasource DataSourceNoCloud [seed=/dev/sdb][dsmode=net].  Up 37.08 seconds
